#
# There is insufficient memory for the Java Runtime Environment to continue.
# Native memory allocation (malloc) failed to allocate 1048576 bytes. Error detail: AllocateHeap
# Possible reasons:
#   The system is out of physical RAM or swap space
#   This process is running with CompressedOops enabled, and the Java Heap may be blocking the growth of the native heap
# Possible solutions:
#   Reduce memory load on the system
#   Increase physical memory or swap space
#   Check if swap backing store is full
#   Decrease Java heap size (-Xmx/-Xms)
#   Decrease number of Java threads
#   Decrease Java thread stack sizes (-Xss)
#   Set larger code cache with -XX:ReservedCodeCacheSize=
#   JVM is running with Unscaled Compressed Oops mode in which the Java heap is
#     placed in the first 4GB address space. The Java Heap base address is the
#     maximum limit for the native heap growth. Please use -XX:HeapBaseMinAddress
#     to set the Java Heap base and to place the Java Heap above 4GB virtual address.
# This output file may be truncated or incomplete.
#
#  Out of Memory Error (allocation.cpp:44), pid=11196, tid=3236
#
# JRE version: OpenJDK Runtime Environment Temurin-21.0.8+9 (21.0.8+9) (build 21.0.8+9-LTS)
# Java VM: OpenJDK 64-Bit Server VM Temurin-21.0.8+9 (21.0.8+9-LTS, mixed mode, sharing, tiered, compressed oops, compressed class ptrs, parallel gc, windows-amd64)
# No core dump will be written. Minidumps are not enabled by default on client versions of Windows
#

---------------  S U M M A R Y ------------

Command Line: --add-modules=ALL-SYSTEM --add-opens=java.base/java.util=ALL-UNNAMED --add-opens=java.base/java.lang=ALL-UNNAMED --add-opens=java.base/sun.nio.fs=ALL-UNNAMED -Declipse.application=org.eclipse.jdt.ls.core.id1 -Dosgi.bundles.defaultStartLevel=4 -Declipse.product=org.eclipse.jdt.ls.core.product -Djava.import.generatesMetadataFilesAtProjectRoot=false -DDetectVMInstallationsJob.disabled=true -Dfile.encoding=utf8 -XX:+UseParallelGC -XX:GCTimeRatio=4 -XX:AdaptiveSizePolicyWeight=90 -Dsun.zip.disableMemoryMapping=true -Xmx2G -Xms100m -Xlog:disable -javaagent:c:\Users\rodri\.vscode\extensions\redhat.java-1.47.0-win32-x64\lombok\lombok-1.18.39-4050.jar -XX:+HeapDumpOnOutOfMemoryError -XX:HeapDumpPath=c:\Users\rodri\AppData\Roaming\Code\User\workspaceStorage\34dbc99059ed1f6e0da57d727d1e5a64\redhat.java -Daether.dependencyCollector.impl=bf c:\Users\rodri\.vscode\extensions\redhat.java-1.47.0-win32-x64\server\plugins\org.eclipse.equinox.launcher_1.7.100.v20251014-1222.jar -configuration c:\Users\rodri\AppData\Roaming\Code\User\globalStorage\redhat.java\1.47.0\config_win -data c:\Users\rodri\AppData\Roaming\Code\User\workspaceStorage\34dbc99059ed1f6e0da57d727d1e5a64\redhat.java\jdt_ws --pipe=\\.\pipe\lsp-a5bccdb88587513c48c8657677b60858-sock

Host: AMD Ryzen 3 5300U with Radeon Graphics         , 8 cores, 3G,  Windows 11 , 64 bit Build 26100 (10.0.26100.6725)
Time: Fri Nov  7 10:38:14 2025 SA Pacific Standard Time elapsed time: 481.105477 seconds (0d 0h 8m 1s)

---------------  T H R E A D  ---------------

Current thread (0x000001cae7e73dd0):  JavaThread "Attach Listener" daemon [_thread_in_vm, id=3236, stack(0x0000007c85a00000,0x0000007c85b00000) (1024K)]

Stack: [0x0000007c85a00000,0x0000007c85b00000]
Native frames: (J=compiled Java code, j=interpreted, Vv=VM code, C=native code)
V  [jvm.dll+0x6d2449]
V  [jvm.dll+0x8ae341]
V  [jvm.dll+0x8b08be]
V  [jvm.dll+0x8b0fa3]
V  [jvm.dll+0x280c96]
V  [jvm.dll+0xc0347]
V  [jvm.dll+0x6d2cf9]
V  [jvm.dll+0x131116]
V  [jvm.dll+0x3f2d16]
V  [jvm.dll+0x857e6b]
V  [jvm.dll+0x6d0b0d]
C  [ucrtbase.dll+0x37b0]
C  [KERNEL32.DLL+0x2e8d7]
C  [ntdll.dll+0x8c53c]


---------------  P R O C E S S  ---------------

Threads class SMR info:
_java_thread_list=0x000001caf190f990, length=37, elements={
0x000001cad0d1b380, 0x000001cae7e6bda0, 0x000001cae7e70630, 0x000001cae7e73180,
0x000001cae7e73dd0, 0x000001cae7e76590, 0x000001cae7e78ff0, 0x000001cae7e7f8e0,
0x000001cae9868120, 0x000001cae993b440, 0x000001cae9b80240, 0x000001caee454e80,
0x000001caee46de50, 0x000001caee1df120, 0x000001caee153580, 0x000001caeec09f40,
0x000001caee8627d0, 0x000001cae9951d60, 0x000001cae99537a0, 0x000001cae99523f0,
0x000001cae99551e0, 0x000001cae9952a80, 0x000001caf0c0d460, 0x000001caf0c0eea0,
0x000001caf0c0f530, 0x000001caf0c0e810, 0x000001caf0c0daf0, 0x000001caf0c0e180,
0x000001caf0c0fbc0, 0x000001caf0c0c740, 0x000001caf0c0cdd0, 0x000001caf291bf70,
0x000001caf291ed60, 0x000001caf291e040, 0x000001caf2920110, 0x000001caef3b7860,
0x000001caef3bc720
}

Java Threads: ( => current thread )
  0x000001cad0d1b380 JavaThread "main"                              [_thread_blocked, id=13528, stack(0x0000007c85300000,0x0000007c85400000) (1024K)]
  0x000001cae7e6bda0 JavaThread "Reference Handler"          daemon [_thread_blocked, id=8332, stack(0x0000007c85700000,0x0000007c85800000) (1024K)]
  0x000001cae7e70630 JavaThread "Finalizer"                  daemon [_thread_blocked, id=5360, stack(0x0000007c85800000,0x0000007c85900000) (1024K)]
  0x000001cae7e73180 JavaThread "Signal Dispatcher"          daemon [_thread_blocked, id=3584, stack(0x0000007c85900000,0x0000007c85a00000) (1024K)]
=>0x000001cae7e73dd0 JavaThread "Attach Listener"            daemon [_thread_in_vm, id=3236, stack(0x0000007c85a00000,0x0000007c85b00000) (1024K)]
  0x000001cae7e76590 JavaThread "Service Thread"             daemon [_thread_blocked, id=4116, stack(0x0000007c85b00000,0x0000007c85c00000) (1024K)]
  0x000001cae7e78ff0 JavaThread "Monitor Deflation Thread"   daemon [_thread_blocked, id=13692, stack(0x0000007c85c00000,0x0000007c85d00000) (1024K)]
  0x000001cae7e7f8e0 JavaThread "C2 CompilerThread0"         daemon [_thread_blocked, id=1640, stack(0x0000007c85d00000,0x0000007c85e00000) (1024K)]
  0x000001cae9868120 JavaThread "C1 CompilerThread0"         daemon [_thread_blocked, id=16744, stack(0x0000007c85e00000,0x0000007c85f00000) (1024K)]
  0x000001cae993b440 JavaThread "Common-Cleaner"             daemon [_thread_blocked, id=12020, stack(0x0000007c85f00000,0x0000007c86000000) (1024K)]
  0x000001cae9b80240 JavaThread "Notification Thread"        daemon [_thread_blocked, id=8504, stack(0x0000007c86000000,0x0000007c86100000) (1024K)]
  0x000001caee454e80 JavaThread "Active Thread: Equinox Container: e3c21f48-d76a-4e42-ac16-6eef5c36581b"        [_thread_blocked, id=6328, stack(0x0000007c86700000,0x0000007c86800000) (1024K)]
  0x000001caee46de50 JavaThread "Refresh Thread: Equinox Container: e3c21f48-d76a-4e42-ac16-6eef5c36581b" daemon [_thread_blocked, id=7680, stack(0x0000007c86900000,0x0000007c86a00000) (1024K)]
  0x000001caee1df120 JavaThread "Framework Event Dispatcher: Equinox Container: e3c21f48-d76a-4e42-ac16-6eef5c36581b" daemon [_thread_blocked, id=608, stack(0x0000007c86a00000,0x0000007c86b00000) (1024K)]
  0x000001caee153580 JavaThread "Start Level: Equinox Container: e3c21f48-d76a-4e42-ac16-6eef5c36581b" daemon [_thread_blocked, id=12176, stack(0x0000007c86b00000,0x0000007c86c00000) (1024K)]
  0x000001caeec09f40 JavaThread "Bundle File Closer"         daemon [_thread_blocked, id=3148, stack(0x0000007c86d00000,0x0000007c86e00000) (1024K)]
  0x000001caee8627d0 JavaThread "SCR Component Actor"        daemon [_thread_blocked, id=15244, stack(0x0000007c86c00000,0x0000007c86d00000) (1024K)]
  0x000001cae9951d60 JavaThread "Worker-JM"                         [_thread_blocked, id=15532, stack(0x0000007c87000000,0x0000007c87100000) (1024K)]
  0x000001cae99537a0 JavaThread "JNA Cleaner"                daemon [_thread_blocked, id=13876, stack(0x0000007c86f00000,0x0000007c87000000) (1024K)]
  0x000001cae99523f0 JavaThread "Java indexing"              daemon [_thread_blocked, id=2880, stack(0x0000007c87400000,0x0000007c87500000) (1024K)]
  0x000001cae99551e0 JavaThread "Worker-2"                          [_thread_blocked, id=19132, stack(0x0000007c87700000,0x0000007c87800000) (1024K)]
  0x000001cae9952a80 JavaThread "Thread-1"                   daemon [_thread_in_native, id=17304, stack(0x0000007c87900000,0x0000007c87a00000) (1024K)]
  0x000001caf0c0d460 JavaThread "Thread-2"                   daemon [_thread_in_native, id=8156, stack(0x0000007c87a00000,0x0000007c87b00000) (1024K)]
  0x000001caf0c0eea0 JavaThread "Thread-3"                   daemon [_thread_in_native, id=3652, stack(0x0000007c87b00000,0x0000007c87c00000) (1024K)]
  0x000001caf0c0f530 JavaThread "Thread-4"                   daemon [_thread_in_native, id=13708, stack(0x0000007c87c00000,0x0000007c87d00000) (1024K)]
  0x000001caf0c0e810 JavaThread "Thread-5"                   daemon [_thread_in_native, id=17280, stack(0x0000007c87d00000,0x0000007c87e00000) (1024K)]
  0x000001caf0c0daf0 JavaThread "Thread-6"                   daemon [_thread_in_native, id=12884, stack(0x0000007c87e00000,0x0000007c87f00000) (1024K)]
  0x000001caf0c0e180 JavaThread "Thread-7"                   daemon [_thread_in_native, id=8664, stack(0x0000007c87f00000,0x0000007c88000000) (1024K)]
  0x000001caf0c0fbc0 JavaThread "Thread-8"                   daemon [_thread_in_native, id=11828, stack(0x0000007c88000000,0x0000007c88100000) (1024K)]
  0x000001caf0c0c740 JavaThread "Thread-9"                   daemon [_thread_in_native, id=1316, stack(0x0000007c88100000,0x0000007c88200000) (1024K)]
  0x000001caf0c0cdd0 JavaThread "pool-2-thread-1"                   [_thread_blocked, id=15624, stack(0x0000007c88200000,0x0000007c88300000) (1024K)]
  0x000001caf291bf70 JavaThread "Worker-4"                          [_thread_blocked, id=17308, stack(0x0000007c88300000,0x0000007c88400000) (1024K)]
  0x000001caf291ed60 JavaThread "WorkspaceEventsHandler"            [_thread_blocked, id=14432, stack(0x0000007c88400000,0x0000007c88500000) (1024K)]
  0x000001caf291e040 JavaThread "pool-1-thread-1"                   [_thread_blocked, id=10248, stack(0x0000007c88500000,0x0000007c88600000) (1024K)]
  0x000001caf2920110 JavaThread "ForkJoinPool.commonPool-worker-7" daemon [_thread_blocked, id=6376, stack(0x0000007c88e00000,0x0000007c88f00000) (1024K)]
  0x000001caef3b7860 JavaThread "Cleaner-0"                  daemon [_thread_blocked, id=11628, stack(0x0000007c87300000,0x0000007c87400000) (1024K)]
  0x000001caef3bc720 JavaThread "LocalFile Deleter"          daemon [_thread_blocked, id=17912, stack(0x0000007c89700000,0x0000007c89800000) (1024K)]
Total: 37

Other Threads:
  0x000001cae7e529f0 VMThread "VM Thread"                           [id=13816, stack(0x0000007c85600000,0x0000007c85700000) (1024K)]
  0x000001cae7d8ca00 WatcherThread "VM Periodic Task Thread"        [id=12956, stack(0x0000007c85500000,0x0000007c85600000) (1024K)]
  0x000001cad0d39880 WorkerThread "GC Thread#0"                     [id=15156, stack(0x0000007c85400000,0x0000007c85500000) (1024K)]
  0x000001caee2f9a50 WorkerThread "GC Thread#1"                     [id=16828, stack(0x0000007c86100000,0x0000007c86200000) (1024K)]
  0x000001caee058010 WorkerThread "GC Thread#2"                     [id=15412, stack(0x0000007c86200000,0x0000007c86300000) (1024K)]
  0x000001caee5e5e20 WorkerThread "GC Thread#3"                     [id=14856, stack(0x0000007c86300000,0x0000007c86400000) (1024K)]
  0x000001caee5e61c0 WorkerThread "GC Thread#4"                     [id=15568, stack(0x0000007c86400000,0x0000007c86500000) (1024K)]
  0x000001caee5e6560 WorkerThread "GC Thread#5"                     [id=2396, stack(0x0000007c86500000,0x0000007c86600000) (1024K)]
  0x000001caee5e6900 WorkerThread "GC Thread#6"                     [id=11880, stack(0x0000007c86600000,0x0000007c86700000) (1024K)]
  0x000001caee468d50 WorkerThread "GC Thread#7"                     [id=8688, stack(0x0000007c86800000,0x0000007c86900000) (1024K)]
Total: 10

Threads with active compile tasks:
Total: 0

VM state: not at safepoint (normal execution)

VM Mutex/Monitor currently owned by a thread: None

Heap address: 0x0000000080000000, size: 2048 MB, Compressed Oops mode: 32-bit

CDS archive(s) mapped at: [0x000001ca80000000-0x000001ca80ba0000-0x000001ca80ba0000), size 12189696, SharedBaseAddress: 0x000001ca80000000, ArchiveRelocationMode: 1.
Compressed class space mapped at: 0x000001ca81000000-0x000001cac1000000, reserved size: 1073741824
Narrow klass base: 0x000001ca80000000, Narrow klass shift: 0, Narrow klass range: 0x100000000

GC Precious Log:
 CardTable entry size: 512
 CPUs: 8 total, 8 available
 Memory: 3434M
 Large Page Support: Disabled
 NUMA Support: Disabled
 Compressed Oops: Enabled (32-bit)
 Alignments: Space 512K, Generation 512K, Heap 2M
 Heap Min Capacity: 100M
 Heap Initial Capacity: 100M
 Heap Max Capacity: 2G
 Pre-touch: Disabled
 Parallel Workers: 8

Heap:
 PSYoungGen      total 5120K, used 2416K [0x00000000d5580000, 0x00000000d5d80000, 0x0000000100000000)
  eden space 4608K, 43% used [0x00000000d5580000,0x00000000d577aab8,0x00000000d5a00000)
  from space 512K, 76% used [0x00000000d5d00000,0x00000000d5d61758,0x00000000d5d80000)
  to   space 512K, 0% used [0x00000000d5c80000,0x00000000d5c80000,0x00000000d5d00000)
 ParOldGen       total 251392K, used 251072K [0x0000000080000000, 0x000000008f580000, 0x00000000d5580000)
  object space 251392K, 99% used [0x0000000080000000,0x000000008f5300e8,0x000000008f580000)
 Metaspace       used 79308K, committed 81152K, reserved 1179648K
  class space    used 8408K, committed 9216K, reserved 1048576K

Card table byte_map: [0x000001cae31f0000,0x000001cae3600000] _byte_map_base: 0x000001cae2df0000

Marking Bits: (ParMarkBitMap*) 0x00007ffb55b3a340
 Begin Bits: [0x000001cae38b0000, 0x000001cae58b0000)
 End Bits:   [0x000001cae58b0000, 0x000001cae78b0000)

Polling page: 0x000001cad0de0000

Metaspace:

Usage:
  Non-class:     69.24 MB used.
      Class:      8.21 MB used.
       Both:     77.45 MB used.

Virtual space:
  Non-class space:      128.00 MB reserved,      70.25 MB ( 55%) committed,  2 nodes.
      Class space:        1.00 GB reserved,       9.00 MB ( <1%) committed,  1 nodes.
             Both:        1.12 GB reserved,      79.25 MB (  7%) committed. 

Chunk freelists:
   Non-Class:  9.80 MB
       Class:  6.92 MB
        Both:  16.72 MB

MaxMetaspaceSize: unlimited
CompressedClassSpaceSize: 1.00 GB
Initial GC threshold: 21.00 MB
Current GC threshold: 98.12 MB
CDS: on
 - commit_granule_bytes: 65536.
 - commit_granule_words: 8192.
 - virtual_space_node_default_size: 8388608.
 - enlarge_chunks_in_place: 1.
 - use_allocation_guard: 0.


Internal statistics:

num_allocs_failed_limit: 13.
num_arena_births: 1450.
num_arena_deaths: 14.
num_vsnodes_births: 3.
num_vsnodes_deaths: 0.
num_space_committed: 1268.
num_space_uncommitted: 0.
num_chunks_returned_to_freelist: 27.
num_chunks_taken_from_freelist: 5079.
num_chunk_merges: 19.
num_chunk_splits: 3123.
num_chunks_enlarged: 1750.
num_inconsistent_stats: 0.

CodeHeap 'non-profiled nmethods': size=120000Kb used=11277Kb max_used=11277Kb free=108722Kb
 bounds [0x000001cadbae0000, 0x000001cadc5f0000, 0x000001cae3010000]
CodeHeap 'profiled nmethods': size=120000Kb used=33102Kb max_used=33102Kb free=86897Kb
 bounds [0x000001cad4010000, 0x000001cad6070000, 0x000001cadb540000]
CodeHeap 'non-nmethods': size=5760Kb used=1496Kb max_used=1564Kb free=4263Kb
 bounds [0x000001cadb540000, 0x000001cadb7b0000, 0x000001cadbae0000]
CodeCache: size=245760Kb, used=45875Kb, max_used=45943Kb, free=199882Kb
 total_blobs=15052, nmethods=14237, adapters=719, full_count=0
Compilation: enabled, stopped_count=0, restarted_count=0

Compilation events (20 events):
Event: 447.571 Thread 0x000001cae9868120 nmethod 15011 0x000001cad605da90 code [0x000001cad605dd00, 0x000001cad605e8b8]
Event: 447.715 Thread 0x000001cae9868120 15014       3       org.eclipse.jdt.internal.compiler.util.Util::scanArrayTypeSignature (74 bytes)
Event: 447.718 Thread 0x000001cae9868120 nmethod 15014 0x000001cad605ec90 code [0x000001cad605ef20, 0x000001cad605f920]
Event: 448.174 Thread 0x000001cae7e7f8e0 nmethod 15009 0x000001cadc5d9b90 code [0x000001cadc5da240, 0x000001cadc5deb78]
Event: 448.176 Thread 0x000001cae7e7f8e0 15013       4       org.eclipse.jdt.internal.compiler.util.Util::scanIdentifier (71 bytes)
Event: 448.179 Thread 0x000001cae7e7f8e0 nmethod 15013 0x000001cadc5e2110 code [0x000001cadc5e22c0, 0x000001cadc5e24c0]
Event: 448.180 Thread 0x000001cae7e7f8e0 15012       4       org.eclipse.jdt.internal.core.ClassFile::translatedName (50 bytes)
Event: 448.191 Thread 0x000001cae7e7f8e0 nmethod 15012 0x000001cadc5e2690 code [0x000001cadc5e2820, 0x000001cadc5e2ae0]
Event: 449.197 Thread 0x000001cae9868120 15016       3       org.eclipse.jdt.internal.core.PackageFragmentRoot::resource (5 bytes)
Event: 449.198 Thread 0x000001cae7e7f8e0 15015       4       org.eclipse.core.runtime.Path::removeLastSegments (85 bytes)
Event: 449.211 Thread 0x000001cae9868120 nmethod 15016 0x000001cad605fd10 code [0x000001cad605fea0, 0x000001cad605ffb0]
Event: 449.211 Thread 0x000001cae9868120 15018   !   3       org.eclipse.jdt.core.dom.QualifiedName::getName (60 bytes)
Event: 449.212 Thread 0x000001cae7e7f8e0 nmethod 15015 0x000001cadc5e2c10 code [0x000001cadc5e2dc0, 0x000001cadc5e3280]
Event: 449.215 Thread 0x000001cae9868120 nmethod 15018 0x000001cad6060090 code [0x000001cad6060300, 0x000001cad6060dd8]
Event: 449.215 Thread 0x000001cae9868120 15017       3       org.eclipse.jdt.core.dom.QualifiedName::accept0 (34 bytes)
Event: 449.221 Thread 0x000001cae9868120 nmethod 15017 0x000001cad6061490 code [0x000001cad60616a0, 0x000001cad6061bb0]
Event: 449.221 Thread 0x000001cae9868120 15019       1       org.eclipse.jdt.core.dom.ASTVisitor::visit (2 bytes)
Event: 449.222 Thread 0x000001cae9868120 nmethod 15019 0x000001cadc5e3490 code [0x000001cadc5e3620, 0x000001cadc5e36e8]
Event: 449.231 Thread 0x000001cae9868120 15020       3       java.util.concurrent.ForkJoinPool::awaitWork (321 bytes)
Event: 449.258 Thread 0x000001cae9868120 nmethod 15020 0x000001cad6061d90 code [0x000001cad60620e0, 0x000001cad6063518]

GC Heap History (20 events):
Event: 62.224 GC heap before
{Heap before GC invocations=250 (full 3):
 PSYoungGen      total 7168K, used 7152K [0x00000000d5580000, 0x00000000d6180000, 0x0000000100000000)
  eden space 6144K, 100% used [0x00000000d5580000,0x00000000d5b80000,0x00000000d5b80000)
  from space 1024K, 98% used [0x00000000d6080000,0x00000000d617c3b8,0x00000000d6180000)
  to   space 3072K, 0% used [0x00000000d5b80000,0x00000000d5b80000,0x00000000d5e80000)
 ParOldGen       total 245248K, used 244822K [0x0000000080000000, 0x000000008ef80000, 0x00000000d5580000)
  object space 245248K, 99% used [0x0000000080000000,0x000000008ef15af0,0x000000008ef80000)
 Metaspace       used 78470K, committed 80256K, reserved 1179648K
  class space    used 8337K, committed 9088K, reserved 1048576K
}
Event: 62.226 GC heap after
{Heap after GC invocations=250 (full 3):
 PSYoungGen      total 9216K, used 1832K [0x00000000d5580000, 0x00000000d6100000, 0x0000000100000000)
  eden space 6144K, 0% used [0x00000000d5580000,0x00000000d5580000,0x00000000d5b80000)
  from space 3072K, 59% used [0x00000000d5b80000,0x00000000d5d4a2e0,0x00000000d5e80000)
  to   space 2560K, 0% used [0x00000000d5e80000,0x00000000d5e80000,0x00000000d6100000)
 ParOldGen       total 246272K, used 245823K [0x0000000080000000, 0x000000008f080000, 0x00000000d5580000)
  object space 246272K, 99% used [0x0000000080000000,0x000000008f00ff00,0x000000008f080000)
 Metaspace       used 78470K, committed 80256K, reserved 1179648K
  class space    used 8337K, committed 9088K, reserved 1048576K
}
Event: 62.345 GC heap before
{Heap before GC invocations=251 (full 3):
 PSYoungGen      total 9216K, used 7976K [0x00000000d5580000, 0x00000000d6100000, 0x0000000100000000)
  eden space 6144K, 100% used [0x00000000d5580000,0x00000000d5b80000,0x00000000d5b80000)
  from space 3072K, 59% used [0x00000000d5b80000,0x00000000d5d4a2e0,0x00000000d5e80000)
  to   space 2560K, 0% used [0x00000000d5e80000,0x00000000d5e80000,0x00000000d6100000)
 ParOldGen       total 246272K, used 245823K [0x0000000080000000, 0x000000008f080000, 0x00000000d5580000)
  object space 246272K, 99% used [0x0000000080000000,0x000000008f00ff00,0x000000008f080000)
 Metaspace       used 78505K, committed 80256K, reserved 1179648K
  class space    used 8337K, committed 9088K, reserved 1048576K
}
Event: 62.348 GC heap after
{Heap after GC invocations=251 (full 3):
 PSYoungGen      total 7168K, used 2553K [0x00000000d5580000, 0x00000000d6480000, 0x0000000100000000)
  eden space 4608K, 0% used [0x00000000d5580000,0x00000000d5580000,0x00000000d5a00000)
  from space 2560K, 99% used [0x00000000d5e80000,0x00000000d60fe588,0x00000000d6100000)
  to   space 4608K, 0% used [0x00000000d5a00000,0x00000000d5a00000,0x00000000d5e80000)
 ParOldGen       total 247808K, used 247439K [0x0000000080000000, 0x000000008f200000, 0x00000000d5580000)
  object space 247808K, 99% used [0x0000000080000000,0x000000008f1a3fc8,0x000000008f200000)
 Metaspace       used 78505K, committed 80256K, reserved 1179648K
  class space    used 8337K, committed 9088K, reserved 1048576K
}
Event: 62.383 GC heap before
{Heap before GC invocations=252 (full 3):
 PSYoungGen      total 7168K, used 7161K [0x00000000d5580000, 0x00000000d6480000, 0x0000000100000000)
  eden space 4608K, 100% used [0x00000000d5580000,0x00000000d5a00000,0x00000000d5a00000)
  from space 2560K, 99% used [0x00000000d5e80000,0x00000000d60fe588,0x00000000d6100000)
  to   space 4608K, 0% used [0x00000000d5a00000,0x00000000d5a00000,0x00000000d5e80000)
 ParOldGen       total 247808K, used 247439K [0x0000000080000000, 0x000000008f200000, 0x00000000d5580000)
  object space 247808K, 99% used [0x0000000080000000,0x000000008f1a3fc8,0x000000008f200000)
 Metaspace       used 78512K, committed 80256K, reserved 1179648K
  class space    used 8337K, committed 9088K, reserved 1048576K
}
Event: 62.386 GC heap after
{Heap after GC invocations=252 (full 3):
 PSYoungGen      total 7680K, used 2987K [0x00000000d5580000, 0x00000000d6100000, 0x0000000100000000)
  eden space 4608K, 0% used [0x00000000d5580000,0x00000000d5580000,0x00000000d5a00000)
  from space 3072K, 97% used [0x00000000d5a00000,0x00000000d5ceaed0,0x00000000d5d00000)
  to   space 3584K, 0% used [0x00000000d5d80000,0x00000000d5d80000,0x00000000d6100000)
 ParOldGen       total 249856K, used 249228K [0x0000000080000000, 0x000000008f400000, 0x00000000d5580000)
  object space 249856K, 99% used [0x0000000080000000,0x000000008f3631f8,0x000000008f400000)
 Metaspace       used 78512K, committed 80256K, reserved 1179648K
  class space    used 8337K, committed 9088K, reserved 1048576K
}
Event: 62.436 GC heap before
{Heap before GC invocations=253 (full 3):
 PSYoungGen      total 7680K, used 7595K [0x00000000d5580000, 0x00000000d6100000, 0x0000000100000000)
  eden space 4608K, 100% used [0x00000000d5580000,0x00000000d5a00000,0x00000000d5a00000)
  from space 3072K, 97% used [0x00000000d5a00000,0x00000000d5ceaed0,0x00000000d5d00000)
  to   space 3584K, 0% used [0x00000000d5d80000,0x00000000d5d80000,0x00000000d6100000)
 ParOldGen       total 249856K, used 249228K [0x0000000080000000, 0x000000008f400000, 0x00000000d5580000)
  object space 249856K, 99% used [0x0000000080000000,0x000000008f3631f8,0x000000008f400000)
 Metaspace       used 78556K, committed 80320K, reserved 1179648K
  class space    used 8337K, committed 9088K, reserved 1048576K
}
Event: 62.438 GC heap after
{Heap after GC invocations=253 (full 3):
 PSYoungGen      total 6144K, used 1184K [0x00000000d5580000, 0x00000000d5f00000, 0x0000000100000000)
  eden space 4608K, 0% used [0x00000000d5580000,0x00000000d5580000,0x00000000d5a00000)
  from space 1536K, 77% used [0x00000000d5d80000,0x00000000d5ea8000,0x00000000d5f00000)
  to   space 2048K, 0% used [0x00000000d5b00000,0x00000000d5b00000,0x00000000d5d00000)
 ParOldGen       total 249856K, used 249620K [0x0000000080000000, 0x000000008f400000, 0x00000000d5580000)
  object space 249856K, 99% used [0x0000000080000000,0x000000008f3c51f8,0x000000008f400000)
 Metaspace       used 78556K, committed 80320K, reserved 1179648K
  class space    used 8337K, committed 9088K, reserved 1048576K
}
Event: 62.482 GC heap before
{Heap before GC invocations=254 (full 3):
 PSYoungGen      total 6144K, used 5792K [0x00000000d5580000, 0x00000000d5f00000, 0x0000000100000000)
  eden space 4608K, 100% used [0x00000000d5580000,0x00000000d5a00000,0x00000000d5a00000)
  from space 1536K, 77% used [0x00000000d5d80000,0x00000000d5ea8000,0x00000000d5f00000)
  to   space 2048K, 0% used [0x00000000d5b00000,0x00000000d5b00000,0x00000000d5d00000)
 ParOldGen       total 249856K, used 249620K [0x0000000080000000, 0x000000008f400000, 0x00000000d5580000)
  object space 249856K, 99% used [0x0000000080000000,0x000000008f3c51f8,0x000000008f400000)
 Metaspace       used 78573K, committed 80384K, reserved 1179648K
  class space    used 8339K, committed 9152K, reserved 1048576K
}
Event: 62.484 GC heap after
{Heap after GC invocations=254 (full 3):
 PSYoungGen      total 6656K, used 352K [0x00000000d5580000, 0x00000000d5e00000, 0x0000000100000000)
  eden space 4608K, 0% used [0x00000000d5580000,0x00000000d5580000,0x00000000d5a00000)
  from space 2048K, 17% used [0x00000000d5b00000,0x00000000d5b58000,0x00000000d5d00000)
  to   space 1024K, 0% used [0x00000000d5d00000,0x00000000d5d00000,0x00000000d5e00000)
 ParOldGen       total 250368K, used 250056K [0x0000000080000000, 0x000000008f480000, 0x00000000d5580000)
  object space 250368K, 99% used [0x0000000080000000,0x000000008f432208,0x000000008f480000)
 Metaspace       used 78573K, committed 80384K, reserved 1179648K
  class space    used 8339K, committed 9152K, reserved 1048576K
}
Event: 62.600 GC heap before
{Heap before GC invocations=255 (full 3):
 PSYoungGen      total 6656K, used 4960K [0x00000000d5580000, 0x00000000d5e00000, 0x0000000100000000)
  eden space 4608K, 100% used [0x00000000d5580000,0x00000000d5a00000,0x00000000d5a00000)
  from space 2048K, 17% used [0x00000000d5b00000,0x00000000d5b58000,0x00000000d5d00000)
  to   space 1024K, 0% used [0x00000000d5d00000,0x00000000d5d00000,0x00000000d5e00000)
 ParOldGen       total 250368K, used 250056K [0x0000000080000000, 0x000000008f480000, 0x00000000d5580000)
  object space 250368K, 99% used [0x0000000080000000,0x000000008f432208,0x000000008f480000)
 Metaspace       used 78962K, committed 80704K, reserved 1179648K
  class space    used 8372K, committed 9152K, reserved 1048576K
}
Event: 62.602 GC heap after
{Heap after GC invocations=255 (full 3):
 PSYoungGen      total 5120K, used 352K [0x00000000d5580000, 0x00000000d5d80000, 0x0000000100000000)
  eden space 4608K, 0% used [0x00000000d5580000,0x00000000d5580000,0x00000000d5a00000)
  from space 512K, 68% used [0x00000000d5d00000,0x00000000d5d58020,0x00000000d5d80000)
  to   space 512K, 0% used [0x00000000d5c80000,0x00000000d5c80000,0x00000000d5d00000)
 ParOldGen       total 250368K, used 250296K [0x0000000080000000, 0x000000008f480000, 0x00000000d5580000)
  object space 250368K, 99% used [0x0000000080000000,0x000000008f46e208,0x000000008f480000)
 Metaspace       used 78962K, committed 80704K, reserved 1179648K
  class space    used 8372K, committed 9152K, reserved 1048576K
}
Event: 62.748 GC heap before
{Heap before GC invocations=256 (full 3):
 PSYoungGen      total 5120K, used 4959K [0x00000000d5580000, 0x00000000d5d80000, 0x0000000100000000)
  eden space 4608K, 99% used [0x00000000d5580000,0x00000000d59fff98,0x00000000d5a00000)
  from space 512K, 68% used [0x00000000d5d00000,0x00000000d5d58020,0x00000000d5d80000)
  to   space 512K, 0% used [0x00000000d5c80000,0x00000000d5c80000,0x00000000d5d00000)
 ParOldGen       total 250368K, used 250296K [0x0000000080000000, 0x000000008f480000, 0x00000000d5580000)
  object space 250368K, 99% used [0x0000000080000000,0x000000008f46e208,0x000000008f480000)
 Metaspace       used 79058K, committed 80832K, reserved 1179648K
  class space    used 8381K, committed 9152K, reserved 1048576K
}
Event: 62.750 GC heap after
{Heap after GC invocations=256 (full 3):
 PSYoungGen      total 5120K, used 368K [0x00000000d5580000, 0x00000000d5d80000, 0x0000000100000000)
  eden space 4608K, 0% used [0x00000000d5580000,0x00000000d5580000,0x00000000d5a00000)
  from space 512K, 71% used [0x00000000d5c80000,0x00000000d5cdc010,0x00000000d5d00000)
  to   space 512K, 0% used [0x00000000d5d00000,0x00000000d5d00000,0x00000000d5d80000)
 ParOldGen       total 250880K, used 250480K [0x0000000080000000, 0x000000008f500000, 0x00000000d5580000)
  object space 250880K, 99% used [0x0000000080000000,0x000000008f49c208,0x000000008f500000)
 Metaspace       used 79058K, committed 80832K, reserved 1179648K
  class space    used 8381K, committed 9152K, reserved 1048576K
}
Event: 446.996 GC heap before
{Heap before GC invocations=257 (full 3):
 PSYoungGen      total 5120K, used 4976K [0x00000000d5580000, 0x00000000d5d80000, 0x0000000100000000)
  eden space 4608K, 100% used [0x00000000d5580000,0x00000000d5a00000,0x00000000d5a00000)
  from space 512K, 71% used [0x00000000d5c80000,0x00000000d5cdc010,0x00000000d5d00000)
  to   space 512K, 0% used [0x00000000d5d00000,0x00000000d5d00000,0x00000000d5d80000)
 ParOldGen       total 250880K, used 250480K [0x0000000080000000, 0x000000008f500000, 0x00000000d5580000)
  object space 250880K, 99% used [0x0000000080000000,0x000000008f49c208,0x000000008f500000)
 Metaspace       used 79300K, committed 81152K, reserved 1179648K
  class space    used 8408K, committed 9216K, reserved 1048576K
}
Event: 447.184 GC heap after
{Heap after GC invocations=257 (full 3):
 PSYoungGen      total 5120K, used 400K [0x00000000d5580000, 0x00000000d5d80000, 0x0000000100000000)
  eden space 4608K, 0% used [0x00000000d5580000,0x00000000d5580000,0x00000000d5a00000)
  from space 512K, 78% used [0x00000000d5d00000,0x00000000d5d64340,0x00000000d5d80000)
  to   space 512K, 0% used [0x00000000d5c80000,0x00000000d5c80000,0x00000000d5d00000)
 ParOldGen       total 250880K, used 250680K [0x0000000080000000, 0x000000008f500000, 0x00000000d5580000)
  object space 250880K, 99% used [0x0000000080000000,0x000000008f4ce228,0x000000008f500000)
 Metaspace       used 79300K, committed 81152K, reserved 1179648K
  class space    used 8408K, committed 9216K, reserved 1048576K
}
Event: 447.252 GC heap before
{Heap before GC invocations=258 (full 3):
 PSYoungGen      total 5120K, used 5008K [0x00000000d5580000, 0x00000000d5d80000, 0x0000000100000000)
  eden space 4608K, 99% used [0x00000000d5580000,0x00000000d59ffff0,0x00000000d5a00000)
  from space 512K, 78% used [0x00000000d5d00000,0x00000000d5d64340,0x00000000d5d80000)
  to   space 512K, 0% used [0x00000000d5c80000,0x00000000d5c80000,0x00000000d5d00000)
 ParOldGen       total 250880K, used 250680K [0x0000000080000000, 0x000000008f500000, 0x00000000d5580000)
  object space 250880K, 99% used [0x0000000080000000,0x000000008f4ce228,0x000000008f500000)
 Metaspace       used 79300K, committed 81152K, reserved 1179648K
  class space    used 8408K, committed 9216K, reserved 1048576K
}
Event: 447.255 GC heap after
{Heap after GC invocations=258 (full 3):
 PSYoungGen      total 5120K, used 192K [0x00000000d5580000, 0x00000000d5d80000, 0x0000000100000000)
  eden space 4608K, 0% used [0x00000000d5580000,0x00000000d5580000,0x00000000d5a00000)
  from space 512K, 37% used [0x00000000d5c80000,0x00000000d5cb0000,0x00000000d5d00000)
  to   space 512K, 0% used [0x00000000d5d00000,0x00000000d5d00000,0x00000000d5d80000)
 ParOldGen       total 251392K, used 250968K [0x0000000080000000, 0x000000008f580000, 0x00000000d5580000)
  object space 251392K, 99% used [0x0000000080000000,0x000000008f5160e8,0x000000008f580000)
 Metaspace       used 79300K, committed 81152K, reserved 1179648K
  class space    used 8408K, committed 9216K, reserved 1048576K
}
Event: 447.672 GC heap before
{Heap before GC invocations=259 (full 3):
 PSYoungGen      total 5120K, used 4800K [0x00000000d5580000, 0x00000000d5d80000, 0x0000000100000000)
  eden space 4608K, 100% used [0x00000000d5580000,0x00000000d5a00000,0x00000000d5a00000)
  from space 512K, 37% used [0x00000000d5c80000,0x00000000d5cb0000,0x00000000d5d00000)
  to   space 512K, 0% used [0x00000000d5d00000,0x00000000d5d00000,0x00000000d5d80000)
 ParOldGen       total 251392K, used 250968K [0x0000000080000000, 0x000000008f580000, 0x00000000d5580000)
  object space 251392K, 99% used [0x0000000080000000,0x000000008f5160e8,0x000000008f580000)
 Metaspace       used 79300K, committed 81152K, reserved 1179648K
  class space    used 8408K, committed 9216K, reserved 1048576K
}
Event: 447.676 GC heap after
{Heap after GC invocations=259 (full 3):
 PSYoungGen      total 5120K, used 389K [0x00000000d5580000, 0x00000000d5d80000, 0x0000000100000000)
  eden space 4608K, 0% used [0x00000000d5580000,0x00000000d5580000,0x00000000d5a00000)
  from space 512K, 76% used [0x00000000d5d00000,0x00000000d5d61758,0x00000000d5d80000)
  to   space 512K, 0% used [0x00000000d5c80000,0x00000000d5c80000,0x00000000d5d00000)
 ParOldGen       total 251392K, used 251072K [0x0000000080000000, 0x000000008f580000, 0x00000000d5580000)
  object space 251392K, 99% used [0x0000000080000000,0x000000008f5300e8,0x000000008f580000)
 Metaspace       used 79300K, committed 81152K, reserved 1179648K
  class space    used 8408K, committed 9216K, reserved 1048576K
}

Dll operation events (12 events):
Event: 0.022 Loaded shared library c:\Users\rodri\.vscode\extensions\redhat.java-1.47.0-win32-x64\jre\21.0.8-win32-x86_64\bin\java.dll
Event: 0.171 Loaded shared library c:\Users\rodri\.vscode\extensions\redhat.java-1.47.0-win32-x64\jre\21.0.8-win32-x86_64\bin\zip.dll
Event: 0.209 Loaded shared library C:\Users\rodri\.vscode\extensions\redhat.java-1.47.0-win32-x64\jre\21.0.8-win32-x86_64\bin\instrument.dll
Event: 0.238 Loaded shared library C:\Users\rodri\.vscode\extensions\redhat.java-1.47.0-win32-x64\jre\21.0.8-win32-x86_64\bin\net.dll
Event: 0.243 Loaded shared library C:\Users\rodri\.vscode\extensions\redhat.java-1.47.0-win32-x64\jre\21.0.8-win32-x86_64\bin\nio.dll
Event: 0.249 Loaded shared library C:\Users\rodri\.vscode\extensions\redhat.java-1.47.0-win32-x64\jre\21.0.8-win32-x86_64\bin\zip.dll
Event: 0.286 Loaded shared library C:\Users\rodri\.vscode\extensions\redhat.java-1.47.0-win32-x64\jre\21.0.8-win32-x86_64\bin\jimage.dll
Event: 0.515 Loaded shared library c:\Users\rodri\.vscode\extensions\redhat.java-1.47.0-win32-x64\jre\21.0.8-win32-x86_64\bin\verify.dll
Event: 10.510 Loaded shared library C:\Users\rodri\AppData\Roaming\Code\User\globalStorage\redhat.java\1.47.0\config_win\org.eclipse.equinox.launcher\org.eclipse.equinox.launcher.win32.win32.x86_64_1.2.1400.v20250801-0854\eclipse_11916.dll
Event: 24.029 Loaded shared library C:\Users\rodri\AppData\Local\Temp\jna-108687934\jna182898551866649852.dll
Event: 26.282 Loaded shared library C:\Users\rodri\.vscode\extensions\redhat.java-1.47.0-win32-x64\jre\21.0.8-win32-x86_64\bin\sunmscapi.dll
Event: 26.487 Loaded shared library C:\Users\rodri\.vscode\extensions\redhat.java-1.47.0-win32-x64\jre\21.0.8-win32-x86_64\bin\extnet.dll

Deoptimization events (20 events):
Event: 362.298 Thread 0x000001cae99551e0 DEOPT PACKING pc=0x000001cadc5bdfe0 sp=0x0000007c877fe890
Event: 362.298 Thread 0x000001cae99551e0 DEOPT UNPACKING pc=0x000001cadb593aa2 sp=0x0000007c877fe868 mode 2
Event: 362.298 Thread 0x000001cae99551e0 Uncommon trap: trap_request=0xffffffc6 fr.pc=0x000001cadc31d620 relative=0x0000000000001420
Event: 362.298 Thread 0x000001cae99551e0 Uncommon trap: reason=bimorphic_or_optimized_type_check action=maybe_recompile pc=0x000001cadc31d620 method=java.io.DataOutputStream.write([BII)V @ 7 c2
Event: 362.299 Thread 0x000001cae99551e0 DEOPT PACKING pc=0x000001cadc31d620 sp=0x0000007c877fe8c0
Event: 362.299 Thread 0x000001cae99551e0 DEOPT UNPACKING pc=0x000001cadb593aa2 sp=0x0000007c877fe820 mode 2
Event: 362.299 Thread 0x000001cae99551e0 Uncommon trap: trap_request=0xffffffc6 fr.pc=0x000001cadc31d620 relative=0x0000000000001420
Event: 362.300 Thread 0x000001cae99551e0 Uncommon trap: reason=bimorphic_or_optimized_type_check action=maybe_recompile pc=0x000001cadc31d620 method=java.io.DataOutputStream.write([BII)V @ 7 c2
Event: 362.300 Thread 0x000001cae99551e0 DEOPT PACKING pc=0x000001cadc31d620 sp=0x0000007c877fe8c0
Event: 362.300 Thread 0x000001cae99551e0 DEOPT UNPACKING pc=0x000001cadb593aa2 sp=0x0000007c877fe820 mode 2
Event: 363.169 Thread 0x000001cae99551e0 Uncommon trap: trap_request=0xffffffc6 fr.pc=0x000001cadc2c2224 relative=0x0000000000002ea4
Event: 363.169 Thread 0x000001cae99551e0 Uncommon trap: reason=bimorphic_or_optimized_type_check action=maybe_recompile pc=0x000001cadc2c2224 method=java.util.Properties.load0(Ljava/util/Properties$LineReader;)V @ 241 c2
Event: 363.169 Thread 0x000001cae99551e0 DEOPT PACKING pc=0x000001cadc2c2224 sp=0x0000007c877feae0
Event: 363.169 Thread 0x000001cae99551e0 DEOPT UNPACKING pc=0x000001cadb593aa2 sp=0x0000007c877feae0 mode 2
Event: 447.564 Thread 0x000001caf2920110 DEOPT PACKING pc=0x000001cad5636d15 sp=0x0000007c88efd900
Event: 447.569 Thread 0x000001caf2920110 DEOPT UNPACKING pc=0x000001cadb594242 sp=0x0000007c88efcd10 mode 0
Event: 449.153 Thread 0x000001caf291e040 Uncommon trap: trap_request=0xffffff45 fr.pc=0x000001cadbfc3100 relative=0x0000000000000360
Event: 449.154 Thread 0x000001caf291e040 Uncommon trap: reason=unstable_if action=reinterpret pc=0x000001cadbfc3100 method=java.io.BufferedOutputStream.implWrite([BII)V @ 5 c2
Event: 449.155 Thread 0x000001caf291e040 DEOPT PACKING pc=0x000001cadbfc3100 sp=0x0000007c885fe360
Event: 449.167 Thread 0x000001caf291e040 DEOPT UNPACKING pc=0x000001cadb593aa2 sp=0x0000007c885fe2b0 mode 2

Classes loaded (20 events):
Event: 61.770 Loading class java/io/CharArrayWriter
Event: 61.771 Loading class java/io/CharArrayWriter done
Event: 61.779 Loading class java/nio/file/attribute/PosixFileAttributes
Event: 61.779 Loading class java/nio/file/attribute/PosixFileAttributes done
Event: 61.781 Loading class sun/nio/fs/WindowsFileCopy
Event: 61.782 Loading class sun/nio/fs/WindowsFileCopy done
Event: 358.332 Loading class java/util/stream/Nodes$CollectorTask$OfRef
Event: 358.380 Loading class java/util/stream/Nodes$CollectorTask
Event: 358.620 Loading class java/util/stream/Nodes$CollectorTask done
Event: 358.652 Loading class java/util/stream/Nodes$CollectorTask$OfRef done
Event: 358.754 Loading class java/util/function/LongFunction
Event: 358.819 Loading class java/util/function/LongFunction done
Event: 359.267 Loading class java/util/stream/Nodes$ConcNode
Event: 359.450 Loading class java/util/stream/Nodes$AbstractConcNode
Event: 359.657 Loading class java/util/stream/Nodes$AbstractConcNode done
Event: 359.657 Loading class java/util/stream/Nodes$ConcNode done
Event: 361.800 Loading class java/util/stream/Nodes$ToArrayTask$OfRef
Event: 361.805 Loading class java/util/stream/Nodes$ToArrayTask
Event: 361.806 Loading class java/util/stream/Nodes$ToArrayTask done
Event: 361.806 Loading class java/util/stream/Nodes$ToArrayTask$OfRef done

Classes unloaded (7 events):
Event: 24.700 Thread 0x000001cae7e529f0 Unloading class 0x000001ca811a8c00 'java/lang/invoke/LambdaForm$MH+0x000001ca811a8c00'
Event: 24.700 Thread 0x000001cae7e529f0 Unloading class 0x000001ca811a8800 'java/lang/invoke/LambdaForm$MH+0x000001ca811a8800'
Event: 24.700 Thread 0x000001cae7e529f0 Unloading class 0x000001ca811a8400 'java/lang/invoke/LambdaForm$MH+0x000001ca811a8400'
Event: 24.700 Thread 0x000001cae7e529f0 Unloading class 0x000001ca811a8000 'java/lang/invoke/LambdaForm$MH+0x000001ca811a8000'
Event: 24.700 Thread 0x000001cae7e529f0 Unloading class 0x000001ca811a7c00 'java/lang/invoke/LambdaForm$BMH+0x000001ca811a7c00'
Event: 24.700 Thread 0x000001cae7e529f0 Unloading class 0x000001ca811a7800 'java/lang/invoke/LambdaForm$DMH+0x000001ca811a7800'
Event: 24.700 Thread 0x000001cae7e529f0 Unloading class 0x000001ca811a6400 'java/lang/invoke/LambdaForm$DMH+0x000001ca811a6400'

Classes redefined (0 events):
No events

Internal exceptions (20 events):
Event: 60.144 Thread 0x000001cae9954b50 Implicit null exception at 0x000001cadc51304f to 0x000001cadc5131f2
Event: 60.179 Thread 0x000001cae9954b50 Implicit null exception at 0x000001cadc15cda7 to 0x000001cadc15d13c
Event: 60.455 Thread 0x000001cae9954b50 Exception <a 'java/lang/NoSuchMethodError'{0x00000000d5e8d218}: 'java.lang.Object java.lang.invoke.DirectMethodHandle$Holder.newInvokeSpecial(java.lang.Object, java.lang.Object, int, int, java.lang.Object)'> (0x00000000d5e8d218) 
thrown [s\src\hotspot\share\interpreter\linkResolver.cpp, line 773]
Event: 60.599 Thread 0x000001caf0006b50 Implicit null exception at 0x000001cadc519947 to 0x000001cadc519e74
Event: 61.534 Thread 0x000001cae9954b50 Exception <a 'sun/nio/fs/WindowsException'{0x00000000d56516e0}> (0x00000000d56516e0) 
thrown [s\src\hotspot\share\prims\jni.cpp, line 520]
Event: 61.534 Thread 0x000001cae9954b50 Exception <a 'sun/nio/fs/WindowsException'{0x00000000d5651cf8}> (0x00000000d5651cf8) 
thrown [s\src\hotspot\share\prims\jni.cpp, line 520]
Event: 61.688 Thread 0x000001cae9954b50 Implicit null exception at 0x000001cadc492c77 to 0x000001cadc492ced
Event: 61.783 Thread 0x000001cae9954b50 Exception <a 'sun/nio/fs/WindowsException'{0x00000000d58bfc88}> (0x00000000d58bfc88) 
thrown [s\src\hotspot\share\prims\jni.cpp, line 520]
Event: 62.117 Thread 0x000001cae9954b50 Implicit null exception at 0x000001cadc514175 to 0x000001cadc514309
Event: 62.396 Thread 0x000001cae9954b50 Exception <a 'sun/nio/fs/WindowsException'{0x00000000d55b9428}> (0x00000000d55b9428) 
thrown [s\src\hotspot\share\prims\jni.cpp, line 520]
Event: 62.397 Thread 0x000001cae9954b50 Exception <a 'sun/nio/fs/WindowsException'{0x00000000d55b9a58}> (0x00000000d55b9a58) 
thrown [s\src\hotspot\share\prims\jni.cpp, line 520]
Event: 62.640 Thread 0x000001cae9954b50 Exception <a 'sun/nio/fs/WindowsException'{0x00000000d55f9bd8}> (0x00000000d55f9bd8) 
thrown [s\src\hotspot\share\prims\jni.cpp, line 520]
Event: 62.644 Thread 0x000001cae9954b50 Exception <a 'sun/nio/fs/WindowsException'{0x00000000d55fb5a0}> (0x00000000d55fb5a0) 
thrown [s\src\hotspot\share\prims\jni.cpp, line 520]
Event: 62.648 Thread 0x000001cae9954b50 Exception <a 'sun/nio/fs/WindowsException'{0x00000000d55fcf78}> (0x00000000d55fcf78) 
thrown [s\src\hotspot\share\prims\jni.cpp, line 520]
Event: 361.485 Thread 0x000001cae99551e0 Exception <a 'sun/nio/fs/WindowsException'{0x00000000d5702f70}> (0x00000000d5702f70) 
thrown [s\src\hotspot\share\prims\jni.cpp, line 520]
Event: 361.501 Thread 0x000001cae99551e0 Exception <a 'sun/nio/fs/WindowsException'{0x00000000d5703850}> (0x00000000d5703850) 
thrown [s\src\hotspot\share\prims\jni.cpp, line 520]
Event: 361.567 Thread 0x000001cae99551e0 Exception <a 'sun/nio/fs/WindowsException'{0x00000000d5709328}> (0x00000000d5709328) 
thrown [s\src\hotspot\share\prims\jni.cpp, line 520]
Event: 361.567 Thread 0x000001cae99551e0 Exception <a 'sun/nio/fs/WindowsException'{0x00000000d5709c08}> (0x00000000d5709c08) 
thrown [s\src\hotspot\share\prims\jni.cpp, line 520]
Event: 361.681 Thread 0x000001cae99551e0 Implicit null exception at 0x000001cadc1a7a06 to 0x000001cadc1a7d38
Event: 362.088 Thread 0x000001cae99551e0 Exception <a 'java/lang/NoSuchMethodError'{0x00000000d57a97e8}: static [J.<clinit>()V> (0x00000000d57a97e8) 
thrown [s\src\hotspot\share\prims\jni.cpp, line 1111]

ZGC Phase Switch (0 events):
No events

VM Operations (20 events):
Event: 364.145 Executing VM operation: Cleanup
Event: 364.145 Executing VM operation: Cleanup done
Event: 421.436 Executing VM operation: HandshakeAllThreads (HandshakeForDeflation)
Event: 421.440 Executing VM operation: HandshakeAllThreads (HandshakeForDeflation) done
Event: 421.440 Executing VM operation: RendezvousGCThreads
Event: 421.440 Executing VM operation: RendezvousGCThreads done
Event: 444.570 Executing VM operation: Cleanup
Event: 444.740 Executing VM operation: Cleanup done
Event: 445.744 Executing VM operation: Cleanup
Event: 445.843 Executing VM operation: Cleanup done
Event: 446.856 Executing VM operation: Cleanup
Event: 446.857 Executing VM operation: Cleanup done
Event: 446.995 Executing VM operation: ParallelGCFailedAllocation (Allocation Failure)
Event: 447.184 Executing VM operation: ParallelGCFailedAllocation (Allocation Failure) done
Event: 447.252 Executing VM operation: ParallelGCFailedAllocation (Allocation Failure)
Event: 447.255 Executing VM operation: ParallelGCFailedAllocation (Allocation Failure) done
Event: 447.672 Executing VM operation: ParallelGCFailedAllocation (Allocation Failure)
Event: 447.677 Executing VM operation: ParallelGCFailedAllocation (Allocation Failure) done
Event: 449.684 Executing VM operation: Cleanup
Event: 449.684 Executing VM operation: Cleanup done

Memory protections (0 events):
No events

Nmethod flushes (20 events):
Event: 32.183 Thread 0x000001cae7e529f0 flushing  nmethod 0x000001cad485a310
Event: 32.183 Thread 0x000001cae7e529f0 flushing  nmethod 0x000001cad4870c10
Event: 32.183 Thread 0x000001cae7e529f0 flushing  nmethod 0x000001cad4897810
Event: 32.183 Thread 0x000001cae7e529f0 flushing  nmethod 0x000001cad4897d90
Event: 32.183 Thread 0x000001cae7e529f0 flushing  nmethod 0x000001cad48b4e90
Event: 32.183 Thread 0x000001cae7e529f0 flushing  nmethod 0x000001cad48b5490
Event: 32.183 Thread 0x000001cae7e529f0 flushing  nmethod 0x000001cad48b5d10
Event: 32.183 Thread 0x000001cae7e529f0 flushing  nmethod 0x000001cad48b9590
Event: 32.183 Thread 0x000001cae7e529f0 flushing  nmethod 0x000001cad48b9c90
Event: 32.183 Thread 0x000001cae7e529f0 flushing  nmethod 0x000001cad48ba410
Event: 32.183 Thread 0x000001cae7e529f0 flushing  nmethod 0x000001cad48bec90
Event: 32.183 Thread 0x000001cae7e529f0 flushing  nmethod 0x000001cad48e2790
Event: 32.183 Thread 0x000001cae7e529f0 flushing  nmethod 0x000001cad48e4410
Event: 32.183 Thread 0x000001cae7e529f0 flushing  nmethod 0x000001cad48f0810
Event: 32.183 Thread 0x000001cae7e529f0 flushing  nmethod 0x000001cad4965710
Event: 32.183 Thread 0x000001cae7e529f0 flushing  nmethod 0x000001cad4990510
Event: 32.183 Thread 0x000001cae7e529f0 flushing  nmethod 0x000001cad4991510
Event: 32.183 Thread 0x000001cae7e529f0 flushing  nmethod 0x000001cad4991890
Event: 32.183 Thread 0x000001cae7e529f0 flushing  nmethod 0x000001cad4992490
Event: 32.183 Thread 0x000001cae7e529f0 flushing  nmethod 0x000001cad4993c10

Events (20 events):
Event: 360.016 Thread 0x000001caf291c600 Thread exited: 0x000001caf291c600
Event: 361.779 Thread 0x000001cae99551e0 Thread added: 0x000001caf0008c20
Event: 361.797 Thread 0x000001caf0008c20 Thread added: 0x000001caf0006b50
Event: 361.807 Thread 0x000001caf0008c20 Thread exited: 0x000001caf0008c20
Event: 361.807 Thread 0x000001caf0006b50 Thread exited: 0x000001caf0006b50
Event: 362.024 Thread 0x000001caf0005110 Thread exited: 0x000001caf0005110
Event: 362.031 Thread 0x000001caf00064c0 Thread exited: 0x000001caf00064c0
Event: 362.032 Thread 0x000001caf291e6d0 Thread exited: 0x000001caf291e6d0
Event: 362.060 Thread 0x000001caf0007870 Thread exited: 0x000001caf0007870
Event: 362.177 Thread 0x000001caf2922870 Thread exited: 0x000001caf2922870
Event: 362.255 Thread 0x000001caf00092b0 Thread exited: 0x000001caf00092b0
Event: 362.281 Thread 0x000001caf000ba10 Thread exited: 0x000001caf000ba10
Event: 362.283 Thread 0x000001caf0007f00 Thread exited: 0x000001caf0007f00
Event: 362.298 Thread 0x000001caf00071e0 Thread exited: 0x000001caf00071e0
Event: 362.321 Thread 0x000001caf0004a80 Thread exited: 0x000001caf0004a80
Event: 362.336 Thread 0x000001caf00057a0 Thread exited: 0x000001caf00057a0
Event: 362.404 Thread 0x000001caf0009940 Thread exited: 0x000001caf0009940
Event: 419.830 Thread 0x000001caef3bee80 Thread exited: 0x000001caef3bee80
Event: 419.994 Thread 0x000001caf291cc90 Thread exited: 0x000001caf291cc90
Event: 479.941 Thread 0x000001caef3bd440 Thread exited: 0x000001caef3bd440


Dynamic libraries:
0x00007ff79b090000 - 0x00007ff79b09e000 	c:\Users\rodri\.vscode\extensions\redhat.java-1.47.0-win32-x64\jre\21.0.8-win32-x86_64\bin\java.exe
0x00007ffc06a20000 - 0x00007ffc06c88000 	C:\WINDOWS\SYSTEM32\ntdll.dll
0x00007ffc05480000 - 0x00007ffc05549000 	C:\WINDOWS\System32\KERNEL32.DLL
0x00007ffc03bb0000 - 0x00007ffc03fa2000 	C:\WINDOWS\System32\KERNELBASE.dll
0x00007ffc045f0000 - 0x00007ffc0473b000 	C:\WINDOWS\System32\ucrtbase.dll
0x00007ffbeda70000 - 0x00007ffbeda88000 	c:\Users\rodri\.vscode\extensions\redhat.java-1.47.0-win32-x64\jre\21.0.8-win32-x86_64\bin\jli.dll
0x00007ffc05250000 - 0x00007ffc05415000 	C:\WINDOWS\System32\USER32.dll
0x00007ffc04120000 - 0x00007ffc04147000 	C:\WINDOWS\System32\win32u.dll
0x00007ffc04800000 - 0x00007ffc0482b000 	C:\WINDOWS\System32\GDI32.dll
0x00007ffc04340000 - 0x00007ffc0446d000 	C:\WINDOWS\System32\gdi32full.dll
0x00007ffc04740000 - 0x00007ffc047e3000 	C:\WINDOWS\System32\msvcp_win.dll
0x00007ffbf4530000 - 0x00007ffbf454e000 	c:\Users\rodri\.vscode\extensions\redhat.java-1.47.0-win32-x64\jre\21.0.8-win32-x86_64\bin\VCRUNTIME140.dll
0x00007ffbedc40000 - 0x00007ffbeded3000 	C:\WINDOWS\WinSxS\amd64_microsoft.windows.common-controls_6595b64144ccf1df_6.0.26100.6899_none_3e0efeeae32e88c1\COMCTL32.dll
0x00007ffc04e30000 - 0x00007ffc04ed9000 	C:\WINDOWS\System32\msvcrt.dll
0x00007ffc04df0000 - 0x00007ffc04e1f000 	C:\WINDOWS\System32\IMM32.DLL
0x00007ffbf4ed0000 - 0x00007ffbf4edc000 	c:\Users\rodri\.vscode\extensions\redhat.java-1.47.0-win32-x64\jre\21.0.8-win32-x86_64\bin\vcruntime140_1.dll
0x00007ffbd4820000 - 0x00007ffbd48ad000 	c:\Users\rodri\.vscode\extensions\redhat.java-1.47.0-win32-x64\jre\21.0.8-win32-x86_64\bin\msvcp140.dll
0x00007ffb54e80000 - 0x00007ffb55c17000 	c:\Users\rodri\.vscode\extensions\redhat.java-1.47.0-win32-x64\jre\21.0.8-win32-x86_64\bin\server\jvm.dll
0x00007ffc050f0000 - 0x00007ffc051a4000 	C:\WINDOWS\System32\ADVAPI32.dll
0x00007ffc05900000 - 0x00007ffc059a6000 	C:\WINDOWS\System32\sechost.dll
0x00007ffc04cd0000 - 0x00007ffc04de8000 	C:\WINDOWS\System32\RPCRT4.dll
0x00007ffc056b0000 - 0x00007ffc05724000 	C:\WINDOWS\System32\WS2_32.dll
0x00007ffc03a10000 - 0x00007ffc03a6e000 	C:\WINDOWS\SYSTEM32\POWRPROF.dll
0x00007ffbfcc00000 - 0x00007ffbfcc0b000 	C:\WINDOWS\SYSTEM32\VERSION.dll
0x00007ffbfb550000 - 0x00007ffbfb585000 	C:\WINDOWS\SYSTEM32\WINMM.dll
0x00007ffc039f0000 - 0x00007ffc03a04000 	C:\WINDOWS\SYSTEM32\UMPDC.dll
0x00007ffc02980000 - 0x00007ffc0299b000 	C:\WINDOWS\SYSTEM32\kernel.appcore.dll
0x00007ffbf4db0000 - 0x00007ffbf4dba000 	c:\Users\rodri\.vscode\extensions\redhat.java-1.47.0-win32-x64\jre\21.0.8-win32-x86_64\bin\jimage.dll
0x00007ffbd0e10000 - 0x00007ffbd1052000 	C:\WINDOWS\SYSTEM32\DBGHELP.DLL
0x00007ffc063e0000 - 0x00007ffc0675b000 	C:\WINDOWS\System32\combase.dll
0x00007ffc06770000 - 0x00007ffc06847000 	C:\WINDOWS\System32\OLEAUT32.dll
0x00007ffc00c10000 - 0x00007ffc00c4c000 	C:\WINDOWS\SYSTEM32\dbgcore.DLL
0x00007ffc042a0000 - 0x00007ffc04338000 	C:\WINDOWS\System32\bcryptPrimitives.dll
0x00007ffbf4ad0000 - 0x00007ffbf4adf000 	c:\Users\rodri\.vscode\extensions\redhat.java-1.47.0-win32-x64\jre\21.0.8-win32-x86_64\bin\instrument.dll
0x00007ffbe96b0000 - 0x00007ffbe96cf000 	c:\Users\rodri\.vscode\extensions\redhat.java-1.47.0-win32-x64\jre\21.0.8-win32-x86_64\bin\java.dll
0x00007ffc05c80000 - 0x00007ffc063cd000 	C:\WINDOWS\System32\SHELL32.dll
0x00007ffc03fb0000 - 0x00007ffc0411b000 	C:\WINDOWS\System32\wintypes.dll
0x00007ffc017f0000 - 0x00007ffc0204d000 	C:\WINDOWS\SYSTEM32\windows.storage.dll
0x00007ffc06850000 - 0x00007ffc06942000 	C:\WINDOWS\System32\SHCORE.dll
0x00007ffc04ee0000 - 0x00007ffc04f42000 	C:\WINDOWS\System32\shlwapi.dll
0x00007ffc03ad0000 - 0x00007ffc03af9000 	C:\WINDOWS\SYSTEM32\profapi.dll
0x00007ffbe8320000 - 0x00007ffbe8338000 	c:\Users\rodri\.vscode\extensions\redhat.java-1.47.0-win32-x64\jre\21.0.8-win32-x86_64\bin\zip.dll
0x00007ffbe95c0000 - 0x00007ffbe95d0000 	C:\Users\rodri\.vscode\extensions\redhat.java-1.47.0-win32-x64\jre\21.0.8-win32-x86_64\bin\net.dll
0x00007ffbfbbf0000 - 0x00007ffbfbd0f000 	C:\WINDOWS\SYSTEM32\WINHTTP.dll
0x00007ffc02ef0000 - 0x00007ffc02f5b000 	C:\WINDOWS\system32\mswsock.dll
0x00007ffbe8300000 - 0x00007ffbe8316000 	C:\Users\rodri\.vscode\extensions\redhat.java-1.47.0-win32-x64\jre\21.0.8-win32-x86_64\bin\nio.dll
0x00007ffbe8290000 - 0x00007ffbe82a0000 	c:\Users\rodri\.vscode\extensions\redhat.java-1.47.0-win32-x64\jre\21.0.8-win32-x86_64\bin\verify.dll
0x00007ffbe0540000 - 0x00007ffbe0584000 	C:\Users\rodri\AppData\Roaming\Code\User\globalStorage\redhat.java\1.47.0\config_win\org.eclipse.equinox.launcher\org.eclipse.equinox.launcher.win32.win32.x86_64_1.2.1400.v20250801-0854\eclipse_11916.dll
0x00007ffc04f50000 - 0x00007ffc050e8000 	C:\WINDOWS\System32\ole32.dll
0x00007ffc031a0000 - 0x00007ffc031bb000 	C:\WINDOWS\SYSTEM32\CRYPTSP.dll
0x00007ffc028e0000 - 0x00007ffc0291b000 	C:\WINDOWS\system32\rsaenh.dll
0x00007ffc02f90000 - 0x00007ffc02fbb000 	C:\WINDOWS\SYSTEM32\USERENV.dll
0x00007ffc03aa0000 - 0x00007ffc03ac6000 	C:\WINDOWS\SYSTEM32\bcrypt.dll
0x00007ffc031c0000 - 0x00007ffc031cc000 	C:\WINDOWS\SYSTEM32\CRYPTBASE.dll
0x00007ffc02360000 - 0x00007ffc02394000 	C:\WINDOWS\SYSTEM32\IPHLPAPI.DLL
0x00007ffc06760000 - 0x00007ffc0676a000 	C:\WINDOWS\System32\NSI.dll
0x00007ffbf5dc0000 - 0x00007ffbf5e09000 	C:\Users\rodri\AppData\Local\Temp\jna-108687934\jna182898551866649852.dll
0x00007ffc047f0000 - 0x00007ffc047f8000 	C:\WINDOWS\System32\PSAPI.DLL
0x00007ffbfb990000 - 0x00007ffbfb9ae000 	C:\WINDOWS\SYSTEM32\dhcpcsvc6.DLL
0x00007ffbfb770000 - 0x00007ffbfb793000 	C:\WINDOWS\SYSTEM32\dhcpcsvc.DLL
0x00007ffbfd3c0000 - 0x00007ffbfd3ce000 	C:\Users\rodri\.vscode\extensions\redhat.java-1.47.0-win32-x64\jre\21.0.8-win32-x86_64\bin\sunmscapi.dll
0x00007ffc04470000 - 0x00007ffc045e7000 	C:\WINDOWS\System32\CRYPT32.dll
0x00007ffc033c0000 - 0x00007ffc033f0000 	C:\WINDOWS\SYSTEM32\ncrypt.dll
0x00007ffc03370000 - 0x00007ffc033af000 	C:\WINDOWS\SYSTEM32\NTASN1.dll
0x00007ffc023a0000 - 0x00007ffc024c6000 	C:\WINDOWS\SYSTEM32\DNSAPI.dll
0x00007ffbfca80000 - 0x00007ffbfca8b000 	C:\Windows\System32\rasadhlp.dll
0x00007ffbf8d50000 - 0x00007ffbf8dd6000 	C:\WINDOWS\System32\fwpuclnt.dll
0x00007ffbfd3b0000 - 0x00007ffbfd3b9000 	C:\Users\rodri\.vscode\extensions\redhat.java-1.47.0-win32-x64\jre\21.0.8-win32-x86_64\bin\extnet.dll
0x00007ffc02aa0000 - 0x00007ffc02ad6000 	C:\WINDOWS\SYSTEM32\ntmarta.dll

JVMTI agents:
c:\Users\rodri\.vscode\extensions\redhat.java-1.47.0-win32-x64\lombok\lombok-1.18.39-4050.jar path:c:\Users\rodri\.vscode\extensions\redhat.java-1.47.0-win32-x64\jre\21.0.8-win32-x86_64\bin\instrument.dll, loaded, initialized, instrumentlib options:none

dbghelp: loaded successfully - version: 4.0.5 - missing functions: none
symbol engine: initialized successfully - sym options: 0x614 - pdb path: .;c:\Users\rodri\.vscode\extensions\redhat.java-1.47.0-win32-x64\jre\21.0.8-win32-x86_64\bin;C:\WINDOWS\SYSTEM32;C:\WINDOWS\WinSxS\amd64_microsoft.windows.common-controls_6595b64144ccf1df_6.0.26100.6899_none_3e0efeeae32e88c1;c:\Users\rodri\.vscode\extensions\redhat.java-1.47.0-win32-x64\jre\21.0.8-win32-x86_64\bin\server;C:\Users\rodri\AppData\Roaming\Code\User\globalStorage\redhat.java\1.47.0\config_win\org.eclipse.equinox.launcher\org.eclipse.equinox.launcher.win32.win32.x86_64_1.2.1400.v20250801-0854;C:\Users\rodri\AppData\Local\Temp\jna-108687934

VM Arguments:
jvm_args: --add-modules=ALL-SYSTEM --add-opens=java.base/java.util=ALL-UNNAMED --add-opens=java.base/java.lang=ALL-UNNAMED --add-opens=java.base/sun.nio.fs=ALL-UNNAMED -Declipse.application=org.eclipse.jdt.ls.core.id1 -Dosgi.bundles.defaultStartLevel=4 -Declipse.product=org.eclipse.jdt.ls.core.product -Djava.import.generatesMetadataFilesAtProjectRoot=false -DDetectVMInstallationsJob.disabled=true -Dfile.encoding=utf8 -XX:+UseParallelGC -XX:GCTimeRatio=4 -XX:AdaptiveSizePolicyWeight=90 -Dsun.zip.disableMemoryMapping=true -Xmx2G -Xms100m -Xlog:disable -javaagent:c:\Users\rodri\.vscode\extensions\redhat.java-1.47.0-win32-x64\lombok\lombok-1.18.39-4050.jar -XX:+HeapDumpOnOutOfMemoryError -XX:HeapDumpPath=c:\Users\rodri\AppData\Roaming\Code\User\workspaceStorage\34dbc99059ed1f6e0da57d727d1e5a64\redhat.java -Daether.dependencyCollector.impl=bf 
java_command: c:\Users\rodri\.vscode\extensions\redhat.java-1.47.0-win32-x64\server\plugins\org.eclipse.equinox.launcher_1.7.100.v20251014-1222.jar -configuration c:\Users\rodri\AppData\Roaming\Code\User\globalStorage\redhat.java\1.47.0\config_win -data c:\Users\rodri\AppData\Roaming\Code\User\workspaceStorage\34dbc99059ed1f6e0da57d727d1e5a64\redhat.java\jdt_ws --pipe=\\.\pipe\lsp-a5bccdb88587513c48c8657677b60858-sock
java_class_path (initial): c:\Users\rodri\.vscode\extensions\redhat.java-1.47.0-win32-x64\server\plugins\org.eclipse.equinox.launcher_1.7.100.v20251014-1222.jar
Launcher Type: SUN_STANDARD

[Global flags]
    uintx AdaptiveSizePolicyWeight                 = 90                                        {product} {command line}
     intx CICompilerCount                          = 4                                         {product} {ergonomic}
    uintx GCTimeRatio                              = 4                                         {product} {command line}
     bool HeapDumpOnOutOfMemoryError               = true                                   {manageable} {command line}
    ccstr HeapDumpPath                             = c:\Users\rodri\AppData\Roaming\Code\User\workspaceStorage\34dbc99059ed1f6e0da57d727d1e5a64\redhat.java         {manageable} {command line}
   size_t InitialHeapSize                          = 104857600                                 {product} {command line}
   size_t MaxHeapSize                              = 2147483648                                {product} {command line}
   size_t MaxNewSize                               = 715653120                                 {product} {ergonomic}
   size_t MinHeapDeltaBytes                        = 524288                                    {product} {ergonomic}
   size_t MinHeapSize                              = 104857600                                 {product} {command line}
   size_t NewSize                                  = 34603008                                  {product} {ergonomic}
    uintx NonNMethodCodeHeapSize                   = 5839372                                {pd product} {ergonomic}
    uintx NonProfiledCodeHeapSize                  = 122909434                              {pd product} {ergonomic}
   size_t OldSize                                  = 70254592                                  {product} {ergonomic}
    uintx ProfiledCodeHeapSize                     = 122909434                              {pd product} {ergonomic}
    uintx ReservedCodeCacheSize                    = 251658240                              {pd product} {ergonomic}
     bool SegmentedCodeCache                       = true                                      {product} {ergonomic}
   size_t SoftMaxHeapSize                          = 2147483648                             {manageable} {ergonomic}
     bool UseCompressedOops                        = true                           {product lp64_product} {ergonomic}
     bool UseLargePagesIndividualAllocation        = false                                  {pd product} {ergonomic}
     bool UseParallelGC                            = true                                      {product} {command line}

Logging:
Log output configuration:
 #0: stdout all=off uptime,level,tags foldmultilines=false
 #1: stderr all=off uptime,level,tags foldmultilines=false

Environment Variables:
PATH=C:\Program Files\Common Files\Oracle\Java\javapath;C:\WINDOWS\system32;C:\WINDOWS;C:\WINDOWS\System32\Wbem;C:\WINDOWS\System32\WindowsPowerShell\v1.0\;C:\WINDOWS\System32\OpenSSH\;C:\Program Files\Git\cmd;C:\Program Files\nodejs\;C:\Program Files\MATLAB\R2024b\bin;C:\mingw64\mingw64\bin;C:\Program Files\Docker\Docker\resources\bin;C:\apache-maven-3.9.11\bin;C:\Users\rodri\AppData\Local\Programs\Python\Python313\Scripts\;C:\Users\rodri\AppData\Local\Programs\Python\Python313\;C:\Users\rodri\AppData\Local\Programs\Python\Launcher\;C:\Users\rodri\AppData\Local\Microsoft\WindowsApps;C:\Users\rodri\AppData\Local\Programs\Microsoft VS Code\bin;C:\Users\rodri\AppData\Roaming\npm;C:\Users\rodri\AppData\Local\GitHubDesktop\bin;C:\ProgramData\rodri\GitHubDesktop\bin;C:\mingw64\mingw64\bin;
USERNAME=rodri
OS=Windows_NT
PROCESSOR_IDENTIFIER=AMD64 Family 23 Model 104 Stepping 1, AuthenticAMD
TMP=C:\Users\rodri\AppData\Local\Temp
TEMP=C:\Users\rodri\AppData\Local\Temp




Periodic native trim disabled

---------------  S Y S T E M  ---------------

OS:
 Windows 11 , 64 bit Build 26100 (10.0.26100.6725)
OS uptime: 0 days 11:42 hours
Hyper-V role detected

CPU: total 8 (initial active 8) (8 cores per cpu, 2 threads per core) family 23 model 104 stepping 1 microcode 0x8608102, cx8, cmov, fxsr, ht, mmx, 3dnowpref, sse, sse2, sse3, ssse3, sse4a, sse4.1, sse4.2, popcnt, lzcnt, tsc, tscinvbit, avx, avx2, aes, clmul, bmi1, bmi2, adx, sha, fma, vzeroupper, clflush, clflushopt, hv, rdtscp, rdpid, f16c
Processor Information for processor 0
  Max Mhz: 2600, Current Mhz: 2080, Mhz Limit: 2600
Processor Information for processor 1
  Max Mhz: 2600, Current Mhz: 2600, Mhz Limit: 2600
Processor Information for processor 2
  Max Mhz: 2600, Current Mhz: 2080, Mhz Limit: 2600
Processor Information for processor 3
  Max Mhz: 2600, Current Mhz: 2600, Mhz Limit: 2600
Processor Information for processor 4
  Max Mhz: 2600, Current Mhz: 2600, Mhz Limit: 2600
Processor Information for processor 5
  Max Mhz: 2600, Current Mhz: 2600, Mhz Limit: 2600
Processor Information for processor 6
  Max Mhz: 2600, Current Mhz: 2600, Mhz Limit: 2600
Processor Information for processor 7
  Max Mhz: 2600, Current Mhz: 2080, Mhz Limit: 2600

Memory: 4k page, system-wide physical 3434M (156M free)
TotalPageFile size 14186M (AvailPageFile size 57M)
current process WorkingSet (physical memory assigned to process): 9M, peak: 438M
current process commit charge ("private bytes"): 577M, peak: 597M

vm_info: OpenJDK 64-Bit Server VM (21.0.8+9-LTS) for windows-amd64 JRE (21.0.8+9-LTS), built on 2025-07-15T00:00:00Z by "admin" with MS VC++ 17.7 (VS2022)

END.
