#
# There is insufficient memory for the Java Runtime Environment to continue.
# Native memory allocation (malloc) failed to allocate 1058736 bytes. Error detail: Chunk::new
# Possible reasons:
#   The system is out of physical RAM or swap space
#   This process is running with CompressedOops enabled, and the Java Heap may be blocking the growth of the native heap
# Possible solutions:
#   Reduce memory load on the system
#   Increase physical memory or swap space
#   Check if swap backing store is full
#   Decrease Java heap size (-Xmx/-Xms)
#   Decrease number of Java threads
#   Decrease Java thread stack sizes (-Xss)
#   Set larger code cache with -XX:ReservedCodeCacheSize=
#   JVM is running with Unscaled Compressed Oops mode in which the Java heap is
#     placed in the first 4GB address space. The Java Heap base address is the
#     maximum limit for the native heap growth. Please use -XX:HeapBaseMinAddress
#     to set the Java Heap base and to place the Java Heap above 4GB virtual address.
# This output file may be truncated or incomplete.
#
#  Out of Memory Error (arena.cpp:168), pid=22100, tid=20636
#
# JRE version: OpenJDK Runtime Environment Temurin-21.0.8+9 (21.0.8+9) (build 21.0.8+9-LTS)
# Java VM: OpenJDK 64-Bit Server VM Temurin-21.0.8+9 (21.0.8+9-LTS, mixed mode, sharing, tiered, compressed oops, compressed class ptrs, parallel gc, windows-amd64)
# No core dump will be written. Minidumps are not enabled by default on client versions of Windows
#

---------------  S U M M A R Y ------------

Command Line: --add-modules=ALL-SYSTEM --add-opens=java.base/java.util=ALL-UNNAMED --add-opens=java.base/java.lang=ALL-UNNAMED --add-opens=java.base/sun.nio.fs=ALL-UNNAMED -Declipse.application=org.eclipse.jdt.ls.core.id1 -Dosgi.bundles.defaultStartLevel=4 -Declipse.product=org.eclipse.jdt.ls.core.product -Djava.import.generatesMetadataFilesAtProjectRoot=false -DDetectVMInstallationsJob.disabled=true -Dfile.encoding=utf8 -XX:+UseParallelGC -XX:GCTimeRatio=4 -XX:AdaptiveSizePolicyWeight=90 -Dsun.zip.disableMemoryMapping=true -Xmx2G -Xms100m -Xlog:disable -javaagent:c:\Users\rodri\.vscode\extensions\redhat.java-1.47.0-win32-x64\lombok\lombok-1.18.39-4050.jar -XX:+HeapDumpOnOutOfMemoryError -XX:HeapDumpPath=c:\Users\rodri\AppData\Roaming\Code\User\workspaceStorage\34dbc99059ed1f6e0da57d727d1e5a64\redhat.java -Daether.dependencyCollector.impl=bf c:\Users\rodri\.vscode\extensions\redhat.java-1.47.0-win32-x64\server\plugins\org.eclipse.equinox.launcher_1.7.100.v20251014-1222.jar -configuration c:\Users\rodri\AppData\Roaming\Code\User\globalStorage\redhat.java\1.47.0\config_win -data c:\Users\rodri\AppData\Roaming\Code\User\workspaceStorage\34dbc99059ed1f6e0da57d727d1e5a64\redhat.java\jdt_ws --pipe=\\.\pipe\lsp-54618c17ed33923911b2fe6f1becc562-sock

Host: AMD Ryzen 3 5300U with Radeon Graphics         , 8 cores, 3G,  Windows 11 , 64 bit Build 26100 (10.0.26100.6725)
Time: Thu Nov  6 08:13:41 2025 SA Pacific Standard Time elapsed time: 279.176487 seconds (0d 0h 4m 39s)

---------------  T H R E A D  ---------------

Current thread (0x0000017a6bdf2120):  JavaThread "C2 CompilerThread0" daemon [_thread_in_native, id=20636, stack(0x0000005b3a500000,0x0000005b3a600000) (1024K)]


Current CompileTask:
C2:279176 17861       4       java.lang.invoke.MethodType::makeImpl (109 bytes)

Stack: [0x0000005b3a500000,0x0000005b3a600000]
Native frames: (J=compiled Java code, j=interpreted, Vv=VM code, C=native code)
V  [jvm.dll+0x6d2449]
V  [jvm.dll+0x8ae341]
V  [jvm.dll+0x8b08be]
V  [jvm.dll+0x8b0fa3]
V  [jvm.dll+0x280c96]
V  [jvm.dll+0xc581d]
V  [jvm.dll+0xc5d53]
V  [jvm.dll+0x3b9162]
V  [jvm.dll+0x385315]
V  [jvm.dll+0x38477a]
V  [jvm.dll+0x248ed0]
V  [jvm.dll+0x2484af]
V  [jvm.dll+0x1c89ee]
V  [jvm.dll+0x257d4d]
V  [jvm.dll+0x2562ea]
V  [jvm.dll+0x3f2d16]
V  [jvm.dll+0x857e6b]
V  [jvm.dll+0x6d0b0d]
C  [ucrtbase.dll+0x37b0]
C  [KERNEL32.DLL+0x2e8d7]
C  [ntdll.dll+0x8c53c]


---------------  P R O C E S S  ---------------

Threads class SMR info:
_java_thread_list=0x0000017a5639c5c0, length=54, elements={
0x0000017a6be6bb90, 0x0000017a6bddc5b0, 0x0000017a6bdde470, 0x0000017a6bde6600,
0x0000017a6bde7050, 0x0000017a6bde9260, 0x0000017a6bde9de0, 0x0000017a6bdf2120,
0x0000017a6bdfc7f0, 0x0000017a6beda320, 0x0000017a454351d0, 0x0000017a45974420,
0x0000017a45972350, 0x0000017a45970fa0, 0x0000017a45971cc0, 0x0000017a4a2c6410,
0x0000017a4a2c5d80, 0x0000017a4a2c77c0, 0x0000017a4a2c84e0, 0x0000017a4a2c9f20,
0x0000017a4a2c6aa0, 0x0000017a4a2c7130, 0x0000017a4a2cd3a0, 0x0000017a4a2cb2d0,
0x0000017a4a2cb960, 0x0000017a4a2cbff0, 0x0000017a4a2cc680, 0x0000017a4a2ccd10,
0x0000017a45971630, 0x0000017a459729e0, 0x0000017a45973700, 0x0000017a45973d90,
0x0000017a45973070, 0x0000017a4d167900, 0x0000017a4d167270, 0x0000017a4d16baa0,
0x0000017a4d166be0, 0x0000017a4d168cb0, 0x0000017a4d165ec0, 0x0000017a4d16c130,
0x0000017a4d16c7c0, 0x0000017a4cbd1d00, 0x0000017a4cbd1670, 0x0000017a4cbcf5a0,
0x0000017a4cbd02c0, 0x0000017a4cbcfc30, 0x0000017a4cbd0fe0, 0x0000017a4cbce880,
0x0000017a4cbcef10, 0x0000017a4cbd30b0, 0x0000017a4cbd3740, 0x0000017a4cbd2a20,
0x0000017a4cbd3dd0, 0x0000017a4cbd0950
}

Java Threads: ( => current thread )
  0x0000017a6be6bb90 JavaThread "main"                              [_thread_blocked, id=12276, stack(0x0000005b39b00000,0x0000005b39c00000) (1024K)]
  0x0000017a6bddc5b0 JavaThread "Reference Handler"          daemon [_thread_blocked, id=18792, stack(0x0000005b39f00000,0x0000005b3a000000) (1024K)]
  0x0000017a6bdde470 JavaThread "Finalizer"                  daemon [_thread_blocked, id=4612, stack(0x0000005b3a000000,0x0000005b3a100000) (1024K)]
  0x0000017a6bde6600 JavaThread "Signal Dispatcher"          daemon [_thread_blocked, id=18812, stack(0x0000005b3a100000,0x0000005b3a200000) (1024K)]
  0x0000017a6bde7050 JavaThread "Attach Listener"            daemon [_thread_blocked, id=21536, stack(0x0000005b3a200000,0x0000005b3a300000) (1024K)]
  0x0000017a6bde9260 JavaThread "Service Thread"             daemon [_thread_blocked, id=18572, stack(0x0000005b3a300000,0x0000005b3a400000) (1024K)]
  0x0000017a6bde9de0 JavaThread "Monitor Deflation Thread"   daemon [_thread_blocked, id=13368, stack(0x0000005b3a400000,0x0000005b3a500000) (1024K)]
=>0x0000017a6bdf2120 JavaThread "C2 CompilerThread0"         daemon [_thread_in_native, id=20636, stack(0x0000005b3a500000,0x0000005b3a600000) (1024K)]
  0x0000017a6bdfc7f0 JavaThread "C1 CompilerThread0"         daemon [_thread_blocked, id=17592, stack(0x0000005b3a600000,0x0000005b3a700000) (1024K)]
  0x0000017a6beda320 JavaThread "Common-Cleaner"             daemon [_thread_blocked, id=20224, stack(0x0000005b3a700000,0x0000005b3a800000) (1024K)]
  0x0000017a454351d0 JavaThread "Notification Thread"        daemon [_thread_blocked, id=16660, stack(0x0000005b3a800000,0x0000005b3a900000) (1024K)]
  0x0000017a45974420 JavaThread "Active Thread: Equinox Container: 00a9fb9f-a35e-4c39-aa6b-9d233ef315c4"        [_thread_blocked, id=18620, stack(0x0000005b3b500000,0x0000005b3b600000) (1024K)]
  0x0000017a45972350 JavaThread "Framework Event Dispatcher: Equinox Container: 00a9fb9f-a35e-4c39-aa6b-9d233ef315c4" daemon [_thread_blocked, id=21832, stack(0x0000005b3af00000,0x0000005b3b000000) (1024K)]
  0x0000017a45970fa0 JavaThread "Start Level: Equinox Container: 00a9fb9f-a35e-4c39-aa6b-9d233ef315c4" daemon [_thread_blocked, id=3232, stack(0x0000005b3b000000,0x0000005b3b100000) (1024K)]
  0x0000017a45971cc0 JavaThread "Refresh Thread: Equinox Container: 00a9fb9f-a35e-4c39-aa6b-9d233ef315c4" daemon [_thread_blocked, id=19288, stack(0x0000005b3b200000,0x0000005b3b300000) (1024K)]
  0x0000017a4a2c6410 JavaThread "Bundle File Closer"         daemon [_thread_blocked, id=11692, stack(0x0000005b3bc00000,0x0000005b3bd00000) (1024K)]
  0x0000017a4a2c5d80 JavaThread "SCR Component Actor"        daemon [_thread_blocked, id=22824, stack(0x0000005b3b300000,0x0000005b3b400000) (1024K)]
  0x0000017a4a2c77c0 JavaThread "Worker-JM"                         [_thread_blocked, id=4272, stack(0x0000005b3b400000,0x0000005b3b500000) (1024K)]
  0x0000017a4a2c84e0 JavaThread "Java indexing"              daemon [_thread_blocked, id=11540, stack(0x0000005b3b800000,0x0000005b3b900000) (1024K)]
  0x0000017a4a2c9f20 JavaThread "Worker-2: Check JDK Index"         [_thread_blocked, id=19100, stack(0x0000005b3b900000,0x0000005b3ba00000) (1024K)]
  0x0000017a4a2c6aa0 JavaThread "Worker-3"                          [_thread_blocked, id=20900, stack(0x0000005b3ba00000,0x0000005b3bb00000) (1024K)]
  0x0000017a4a2c7130 JavaThread "JNA Cleaner"                daemon [_thread_blocked, id=17748, stack(0x0000005b3bb00000,0x0000005b3bc00000) (1024K)]
  0x0000017a4a2cd3a0 JavaThread "Worker-4: Update project backend"        [_thread_blocked, id=3124, stack(0x0000005b3bf00000,0x0000005b3c000000) (1024K)]
  0x0000017a4a2cb2d0 JavaThread "Thread-1"                   daemon [_thread_in_native, id=19544, stack(0x0000005b3c100000,0x0000005b3c200000) (1024K)]
  0x0000017a4a2cb960 JavaThread "Thread-2"                   daemon [_thread_in_native, id=17744, stack(0x0000005b3c200000,0x0000005b3c300000) (1024K)]
  0x0000017a4a2cbff0 JavaThread "Thread-3"                   daemon [_thread_in_native, id=19332, stack(0x0000005b3c300000,0x0000005b3c400000) (1024K)]
  0x0000017a4a2cc680 JavaThread "Thread-4"                   daemon [_thread_in_native, id=12620, stack(0x0000005b3c400000,0x0000005b3c500000) (1024K)]
  0x0000017a4a2ccd10 JavaThread "Thread-5"                   daemon [_thread_in_native, id=1404, stack(0x0000005b3c500000,0x0000005b3c600000) (1024K)]
  0x0000017a45971630 JavaThread "Thread-6"                   daemon [_thread_in_native, id=23524, stack(0x0000005b3c600000,0x0000005b3c700000) (1024K)]
  0x0000017a459729e0 JavaThread "Thread-7"                   daemon [_thread_in_native, id=22372, stack(0x0000005b3c700000,0x0000005b3c800000) (1024K)]
  0x0000017a45973700 JavaThread "Thread-8"                   daemon [_thread_in_native, id=20392, stack(0x0000005b3c800000,0x0000005b3c900000) (1024K)]
  0x0000017a45973d90 JavaThread "Thread-9"                   daemon [_thread_in_native, id=16828, stack(0x0000005b3c900000,0x0000005b3ca00000) (1024K)]
  0x0000017a45973070 JavaThread "pool-2-thread-1"                   [_thread_blocked, id=22164, stack(0x0000005b3ca00000,0x0000005b3cb00000) (1024K)]
  0x0000017a4d167900 JavaThread "WorkspaceEventsHandler"            [_thread_blocked, id=22160, stack(0x0000005b3cb00000,0x0000005b3cc00000) (1024K)]
  0x0000017a4d167270 JavaThread "pool-1-thread-1"                   [_thread_blocked, id=18716, stack(0x0000005b3cc00000,0x0000005b3cd00000) (1024K)]
  0x0000017a4d16baa0 JavaThread "Worker-6"                          [_thread_blocked, id=17732, stack(0x0000005b3c000000,0x0000005b3c100000) (1024K)]
  0x0000017a4d166be0 JavaThread "Worker-7: Initialize workspace"        [_thread_blocked, id=18252, stack(0x0000005b39800000,0x0000005b39900000) (1024K)]
  0x0000017a4d168cb0 JavaThread "Worker-8"                          [_thread_blocked, id=11748, stack(0x0000005b39a00000,0x0000005b39b00000) (1024K)]
  0x0000017a4d165ec0 JavaThread "Worker-9: Update project holamundo"        [_thread_blocked, id=4716, stack(0x0000005b3b600000,0x0000005b3b700000) (1024K)]
  0x0000017a4d16c130 JavaThread "Compiler Source File Reader" daemon [_thread_blocked, id=11824, stack(0x0000005b3bd00000,0x0000005b3be00000) (1024K)]
  0x0000017a4d16c7c0 JavaThread "Compiler Source File Reader" daemon [_thread_blocked, id=13952, stack(0x0000005b3be00000,0x0000005b3bf00000) (1024K)]
  0x0000017a4cbd1d00 JavaThread "Compiler Source File Reader" daemon [_thread_blocked, id=21856, stack(0x0000005b3cd00000,0x0000005b3ce00000) (1024K)]
  0x0000017a4cbd1670 JavaThread "Compiler Source File Reader" daemon [_thread_blocked, id=18684, stack(0x0000005b3ce00000,0x0000005b3cf00000) (1024K)]
  0x0000017a4cbcf5a0 JavaThread "Compiler Source File Reader" daemon [_thread_blocked, id=20184, stack(0x0000005b3cf00000,0x0000005b3d000000) (1024K)]
  0x0000017a4cbd02c0 JavaThread "Compiler Source File Reader" daemon [_thread_blocked, id=7252, stack(0x0000005b3d000000,0x0000005b3d100000) (1024K)]
  0x0000017a4cbcfc30 JavaThread "Compiler Processing Task"   daemon [_thread_blocked, id=22036, stack(0x0000005b3d100000,0x0000005b3d200000) (1024K)]
  0x0000017a4cbd0fe0 JavaThread "Compiler Class File Writer" daemon [_thread_blocked, id=21888, stack(0x0000005b3d200000,0x0000005b3d300000) (1024K)]
  0x0000017a4cbce880 JavaThread "Compiler Class File Writer" daemon [_thread_blocked, id=8840, stack(0x0000005b3d300000,0x0000005b3d400000) (1024K)]
  0x0000017a4cbcef10 JavaThread "Compiler Class File Writer" daemon [_thread_blocked, id=13924, stack(0x0000005b3d400000,0x0000005b3d500000) (1024K)]
  0x0000017a4cbd30b0 JavaThread "Compiler Class File Writer" daemon [_thread_blocked, id=6128, stack(0x0000005b3d500000,0x0000005b3d600000) (1024K)]
  0x0000017a4cbd3740 JavaThread "Compiler Class File Writer" daemon [_thread_blocked, id=22368, stack(0x0000005b3d600000,0x0000005b3d700000) (1024K)]
  0x0000017a4cbd2a20 JavaThread "Compiler Class File Writer" daemon [_thread_blocked, id=936, stack(0x0000005b3d700000,0x0000005b3d800000) (1024K)]
  0x0000017a4cbd3dd0 JavaThread "ForkJoinPool.commonPool-worker-2" daemon [_thread_blocked, id=3220, stack(0x0000005b3b700000,0x0000005b3b800000) (1024K)]
  0x0000017a4cbd0950 JavaThread "Worker-10: Java indexing... "        [_thread_blocked, id=3440, stack(0x0000005b3d800000,0x0000005b3d900000) (1024K)]
Total: 54

Other Threads:
  0x0000017a6bdc25f0 VMThread "VM Thread"                           [id=11768, stack(0x0000005b39e00000,0x0000005b39f00000) (1024K)]
  0x0000017a6bcfca00 WatcherThread "VM Periodic Task Thread"        [id=18160, stack(0x0000005b39d00000,0x0000005b39e00000) (1024K)]
  0x0000017a6be8a190 WorkerThread "GC Thread#0"                     [id=1612, stack(0x0000005b39c00000,0x0000005b39d00000) (1024K)]
  0x0000017a4594a820 WorkerThread "GC Thread#1"                     [id=20368, stack(0x0000005b3a900000,0x0000005b3aa00000) (1024K)]
  0x0000017a4594abc0 WorkerThread "GC Thread#2"                     [id=19640, stack(0x0000005b3aa00000,0x0000005b3ab00000) (1024K)]
  0x0000017a4594af60 WorkerThread "GC Thread#3"                     [id=4280, stack(0x0000005b3ab00000,0x0000005b3ac00000) (1024K)]
  0x0000017a456cebd0 WorkerThread "GC Thread#4"                     [id=8736, stack(0x0000005b3ac00000,0x0000005b3ad00000) (1024K)]
  0x0000017a456cef70 WorkerThread "GC Thread#5"                     [id=5272, stack(0x0000005b3ad00000,0x0000005b3ae00000) (1024K)]
  0x0000017a456cf310 WorkerThread "GC Thread#6"                     [id=17980, stack(0x0000005b3ae00000,0x0000005b3af00000) (1024K)]
  0x0000017a45871580 WorkerThread "GC Thread#7"                     [id=3540, stack(0x0000005b3b100000,0x0000005b3b200000) (1024K)]
Total: 10

Threads with active compile tasks:
C2 CompilerThread0  279262 17861       4       java.lang.invoke.MethodType::makeImpl (109 bytes)
Total: 1

VM state: at safepoint (normal execution)

VM Mutex/Monitor currently owned by a thread:  ([mutex/lock_event])
[0x00007ff923b25458] Threads_lock - owner thread: 0x0000017a6bdc25f0
[0x00007ff923b25558] Heap_lock - owner thread: 0x0000017a4d166be0
[0x00007ff923b259d8] PSOldGenExpand_lock - owner thread: 0x0000017a456cef70

Heap address: 0x0000000080000000, size: 2048 MB, Compressed Oops mode: 32-bit

CDS archive(s) mapped at: [0x0000017a04000000-0x0000017a04ba0000-0x0000017a04ba0000), size 12189696, SharedBaseAddress: 0x0000017a04000000, ArchiveRelocationMode: 1.
Compressed class space mapped at: 0x0000017a05000000-0x0000017a45000000, reserved size: 1073741824
Narrow klass base: 0x0000017a04000000, Narrow klass shift: 0, Narrow klass range: 0x100000000

GC Precious Log:
 CardTable entry size: 512
 CPUs: 8 total, 8 available
 Memory: 3434M
 Large Page Support: Disabled
 NUMA Support: Disabled
 Compressed Oops: Enabled (32-bit)
 Alignments: Space 512K, Generation 512K, Heap 2M
 Heap Min Capacity: 100M
 Heap Initial Capacity: 100M
 Heap Max Capacity: 2G
 Pre-touch: Disabled
 Parallel Workers: 8

Heap:
 PSYoungGen      total 12288K, used 11840K [0x00000000d5580000, 0x00000000d6380000, 0x0000000100000000)
  eden space 10752K, 100% used [0x00000000d5580000,0x00000000d6000000,0x00000000d6000000)
  from space 1536K, 70% used [0x00000000d6000000,0x00000000d6110000,0x00000000d6180000)
  to   space 1536K, 7% used [0x00000000d6200000,0x00000000d621eaf0,0x00000000d6380000)
 ParOldGen       total 367616K, used 367613K [0x0000000080000000, 0x0000000096700000, 0x00000000d5580000)
  object space 367616K, 99% used [0x0000000080000000,0x00000000966ff6b8,0x0000000096700000)
 Metaspace       used 75194K, committed 76736K, reserved 1179648K
  class space    used 7823K, committed 8448K, reserved 1048576K

Card table byte_map: [0x0000017a6b810000,0x0000017a6bc20000] _byte_map_base: 0x0000017a6b410000

Marking Bits: (ParMarkBitMap*) 0x00007ff923b2a340
 Begin Bits: [0x0000017a00000000, 0x0000017a02000000)
 End Bits:   [0x0000017a02000000, 0x0000017a04000000)

Polling page: 0x0000017a69c50000

Metaspace:

Usage:
  Non-class:     65.79 MB used.
      Class:      7.64 MB used.
       Both:     73.43 MB used.

Virtual space:
  Non-class space:      128.00 MB reserved,      66.69 MB ( 52%) committed,  2 nodes.
      Class space:        1.00 GB reserved,       8.25 MB ( <1%) committed,  1 nodes.
             Both:        1.12 GB reserved,      74.94 MB (  7%) committed. 

Chunk freelists:
   Non-Class:  12.77 MB
       Class:  7.70 MB
        Both:  20.47 MB

MaxMetaspaceSize: unlimited
CompressedClassSpaceSize: 1.00 GB
Initial GC threshold: 21.00 MB
Current GC threshold: 123.88 MB
CDS: on
 - commit_granule_bytes: 65536.
 - commit_granule_words: 8192.
 - virtual_space_node_default_size: 8388608.
 - enlarge_chunks_in_place: 1.
 - use_allocation_guard: 0.


Internal statistics:

num_allocs_failed_limit: 11.
num_arena_births: 1312.
num_arena_deaths: 48.
num_vsnodes_births: 3.
num_vsnodes_deaths: 0.
num_space_committed: 1199.
num_space_uncommitted: 0.
num_chunks_returned_to_freelist: 71.
num_chunks_taken_from_freelist: 4756.
num_chunk_merges: 20.
num_chunk_splits: 2835.
num_chunks_enlarged: 1612.
num_inconsistent_stats: 0.

CodeHeap 'non-profiled nmethods': size=120000Kb used=10469Kb max_used=11612Kb free=109530Kb
 bounds [0x0000017a76b30000, 0x0000017a776a0000, 0x0000017a7e060000]
CodeHeap 'profiled nmethods': size=120000Kb used=29770Kb max_used=38881Kb free=90229Kb
 bounds [0x0000017a6f060000, 0x0000017a71670000, 0x0000017a76590000]
CodeHeap 'non-nmethods': size=5760Kb used=1475Kb max_used=1538Kb free=4284Kb
 bounds [0x0000017a76590000, 0x0000017a76800000, 0x0000017a76b30000]
CodeCache: size=245760Kb, used=41714Kb, max_used=52031Kb, free=204043Kb
 total_blobs=14275, nmethods=13482, adapters=697, full_count=0
Compilation: enabled, stopped_count=0, restarted_count=0

Compilation events (20 events):
Event: 276.821 Thread 0x0000017a6bdfc7f0 17860       3       java.lang.ref.ReferenceQueue::enqueue0 (98 bytes)
Event: 276.825 Thread 0x0000017a6bdfc7f0 nmethod 17860 0x0000017a6f2f5210 code [0x0000017a6f2f53e0, 0x0000017a6f2f5918]
Event: 276.880 Thread 0x0000017a6bdfc7f0 17863       3       org.apache.felix.scr.impl.manager.AbstractComponentManager::getComponentMetadata (10 bytes)
Event: 276.881 Thread 0x0000017a6bdfc7f0 nmethod 17863 0x0000017a6f46ff10 code [0x0000017a6f4700c0, 0x0000017a6f470298]
Event: 277.945 Thread 0x0000017a6bdf2120 nmethod 17857 0x0000017a76d80e90 code [0x0000017a76d811a0, 0x0000017a76d840c8]
Event: 277.946 Thread 0x0000017a6bdf2120 17861       4       java.lang.invoke.MethodType::makeImpl (109 bytes)
Event: 277.956 Thread 0x0000017a6bdfc7f0 17865       3       org.eclipse.jdt.internal.launching.environments.EnvironmentsManager::getDefault (20 bytes)
Event: 277.956 Thread 0x0000017a6bdfc7f0 nmethod 17865 0x0000017a6f482c90 code [0x0000017a6f482e40, 0x0000017a6f483040]
Event: 277.987 Thread 0x0000017a6bdfc7f0 17866       3       org.eclipse.m2e.jdt.internal.ClasspathDescriptor::addEntryDescriptor (90 bytes)
Event: 277.989 Thread 0x0000017a6bdfc7f0 nmethod 17866 0x0000017a6f523710 code [0x0000017a6f5239e0, 0x0000017a6f524a38]
Event: 277.989 Thread 0x0000017a6bdfc7f0 17868       3       org.eclipse.m2e.jdt.internal.ClasspathEntryDescriptor::setClasspathAttribute (39 bytes)
Event: 277.990 Thread 0x0000017a6bdfc7f0 nmethod 17868 0x0000017a6f1ca710 code [0x0000017a6f1ca900, 0x0000017a6f1cacf8]
Event: 277.990 Thread 0x0000017a6bdfc7f0 17867       3       org.eclipse.m2e.jdt.internal.ClasspathEntryDescriptor::setPomDerived (34 bytes)
Event: 277.991 Thread 0x0000017a6bdfc7f0 nmethod 17867 0x0000017a6f316a90 code [0x0000017a6f316c80, 0x0000017a6f317070]
Event: 278.000 Thread 0x0000017a6bdfc7f0 17869       3       org.eclipse.m2e.jdt.internal.ClasspathDescriptor::addLibraryEntry (6 bytes)
Event: 278.000 Thread 0x0000017a6bdfc7f0 nmethod 17869 0x0000017a6f100a10 code [0x0000017a6f100bc0, 0x0000017a6f100d00]
Event: 278.000 Thread 0x0000017a6bdfc7f0 17870       3       org.eclipse.m2e.jdt.internal.ClasspathDescriptor::addLibraryEntry (17 bytes)
Event: 278.001 Thread 0x0000017a6bdfc7f0 nmethod 17870 0x0000017a6f48c310 code [0x0000017a6f48c4c0, 0x0000017a6f48c6c0]
Event: 278.130 Thread 0x0000017a6bdfc7f0 17871       3       java.util.jar.JarFile::<init> (8 bytes)
Event: 278.131 Thread 0x0000017a6bdfc7f0 nmethod 17871 0x0000017a6f148010 code [0x0000017a6f1481c0, 0x0000017a6f148300]

GC Heap History (20 events):
Event: 276.298 GC heap after
{Heap after GC invocations=821 (full 5):
 PSYoungGen      total 10752K, used 3268K [0x00000000d5580000, 0x00000000d6500000, 0x0000000100000000)
  eden space 7168K, 0% used [0x00000000d5580000,0x00000000d5580000,0x00000000d5c80000)
  from space 3584K, 91% used [0x00000000d6180000,0x00000000d64b1338,0x00000000d6500000)
  to   space 3584K, 0% used [0x00000000d5e00000,0x00000000d5e00000,0x00000000d6180000)
 ParOldGen       total 357888K, used 357419K [0x0000000080000000, 0x0000000095d80000, 0x00000000d5580000)
  object space 357888K, 99% used [0x0000000080000000,0x0000000095d0ad48,0x0000000095d80000)
 Metaspace       used 74913K, committed 76480K, reserved 1179648K
  class space    used 7789K, committed 8448K, reserved 1048576K
}
Event: 276.331 GC heap before
{Heap before GC invocations=822 (full 5):
 PSYoungGen      total 10752K, used 10436K [0x00000000d5580000, 0x00000000d6500000, 0x0000000100000000)
  eden space 7168K, 100% used [0x00000000d5580000,0x00000000d5c80000,0x00000000d5c80000)
  from space 3584K, 91% used [0x00000000d6180000,0x00000000d64b1338,0x00000000d6500000)
  to   space 3584K, 0% used [0x00000000d5e00000,0x00000000d5e00000,0x00000000d6180000)
 ParOldGen       total 357888K, used 357419K [0x0000000080000000, 0x0000000095d80000, 0x00000000d5580000)
  object space 357888K, 99% used [0x0000000080000000,0x0000000095d0ad48,0x0000000095d80000)
 Metaspace       used 74917K, committed 76480K, reserved 1179648K
  class space    used 7790K, committed 8448K, reserved 1048576K
}
Event: 276.337 GC heap after
{Heap after GC invocations=822 (full 5):
 PSYoungGen      total 11776K, used 3583K [0x00000000d5580000, 0x00000000d6680000, 0x0000000100000000)
  eden space 8192K, 0% used [0x00000000d5580000,0x00000000d5580000,0x00000000d5d80000)
  from space 3584K, 99% used [0x00000000d5e00000,0x00000000d617fc78,0x00000000d6180000)
  to   space 4608K, 0% used [0x00000000d6200000,0x00000000d6200000,0x00000000d6680000)
 ParOldGen       total 357888K, used 357788K [0x0000000080000000, 0x0000000095d80000, 0x00000000d5580000)
  object space 357888K, 99% used [0x0000000080000000,0x0000000095d671f8,0x0000000095d80000)
 Metaspace       used 74917K, committed 76480K, reserved 1179648K
  class space    used 7790K, committed 8448K, reserved 1048576K
}
Event: 276.464 GC heap before
{Heap before GC invocations=823 (full 5):
 PSYoungGen      total 11776K, used 11775K [0x00000000d5580000, 0x00000000d6680000, 0x0000000100000000)
  eden space 8192K, 100% used [0x00000000d5580000,0x00000000d5d80000,0x00000000d5d80000)
  from space 3584K, 99% used [0x00000000d5e00000,0x00000000d617fc78,0x00000000d6180000)
  to   space 4608K, 0% used [0x00000000d6200000,0x00000000d6200000,0x00000000d6680000)
 ParOldGen       total 357888K, used 357788K [0x0000000080000000, 0x0000000095d80000, 0x00000000d5580000)
  object space 357888K, 99% used [0x0000000080000000,0x0000000095d671f8,0x0000000095d80000)
 Metaspace       used 75023K, committed 76608K, reserved 1179648K
  class space    used 7797K, committed 8448K, reserved 1048576K
}
Event: 276.471 GC heap after
{Heap after GC invocations=823 (full 5):
 PSYoungGen      total 13312K, used 3400K [0x00000000d5580000, 0x00000000d6680000, 0x0000000100000000)
  eden space 8704K, 0% used [0x00000000d5580000,0x00000000d5580000,0x00000000d5e00000)
  from space 4608K, 73% used [0x00000000d6200000,0x00000000d6552368,0x00000000d6680000)
  to   space 4096K, 0% used [0x00000000d5e00000,0x00000000d5e00000,0x00000000d6200000)
 ParOldGen       total 359424K, used 359008K [0x0000000080000000, 0x0000000095f00000, 0x00000000d5580000)
  object space 359424K, 99% used [0x0000000080000000,0x0000000095e98200,0x0000000095f00000)
 Metaspace       used 75023K, committed 76608K, reserved 1179648K
  class space    used 7797K, committed 8448K, reserved 1048576K
}
Event: 276.546 GC heap before
{Heap before GC invocations=824 (full 5):
 PSYoungGen      total 13312K, used 12104K [0x00000000d5580000, 0x00000000d6680000, 0x0000000100000000)
  eden space 8704K, 100% used [0x00000000d5580000,0x00000000d5e00000,0x00000000d5e00000)
  from space 4608K, 73% used [0x00000000d6200000,0x00000000d6552368,0x00000000d6680000)
  to   space 4096K, 0% used [0x00000000d5e00000,0x00000000d5e00000,0x00000000d6200000)
 ParOldGen       total 359424K, used 359008K [0x0000000080000000, 0x0000000095f00000, 0x00000000d5580000)
  object space 359424K, 99% used [0x0000000080000000,0x0000000095e98200,0x0000000095f00000)
 Metaspace       used 75056K, committed 76608K, reserved 1179648K
  class space    used 7802K, committed 8448K, reserved 1048576K
}
Event: 276.550 GC heap after
{Heap after GC invocations=824 (full 5):
 PSYoungGen      total 12800K, used 4076K [0x00000000d5580000, 0x00000000d6700000, 0x0000000100000000)
  eden space 8704K, 0% used [0x00000000d5580000,0x00000000d5580000,0x00000000d5e00000)
  from space 4096K, 99% used [0x00000000d5e00000,0x00000000d61fb008,0x00000000d6200000)
  to   space 4608K, 0% used [0x00000000d6280000,0x00000000d6280000,0x00000000d6700000)
 ParOldGen       total 359424K, used 359024K [0x0000000080000000, 0x0000000095f00000, 0x00000000d5580000)
  object space 359424K, 99% used [0x0000000080000000,0x0000000095e9c200,0x0000000095f00000)
 Metaspace       used 75056K, committed 76608K, reserved 1179648K
  class space    used 7802K, committed 8448K, reserved 1048576K
}
Event: 276.665 GC heap before
{Heap before GC invocations=825 (full 5):
 PSYoungGen      total 12800K, used 12780K [0x00000000d5580000, 0x00000000d6700000, 0x0000000100000000)
  eden space 8704K, 100% used [0x00000000d5580000,0x00000000d5e00000,0x00000000d5e00000)
  from space 4096K, 99% used [0x00000000d5e00000,0x00000000d61fb008,0x00000000d6200000)
  to   space 4608K, 0% used [0x00000000d6280000,0x00000000d6280000,0x00000000d6700000)
 ParOldGen       total 359424K, used 359024K [0x0000000080000000, 0x0000000095f00000, 0x00000000d5580000)
  object space 359424K, 99% used [0x0000000080000000,0x0000000095e9c200,0x0000000095f00000)
 Metaspace       used 75098K, committed 76672K, reserved 1179648K
  class space    used 7805K, committed 8448K, reserved 1048576K
}
Event: 276.671 GC heap after
{Heap after GC invocations=825 (full 5):
 PSYoungGen      total 12800K, used 3720K [0x00000000d5580000, 0x00000000d6680000, 0x0000000100000000)
  eden space 8704K, 0% used [0x00000000d5580000,0x00000000d5580000,0x00000000d5e00000)
  from space 4096K, 90% used [0x00000000d6280000,0x00000000d6622018,0x00000000d6680000)
  to   space 4096K, 0% used [0x00000000d5e00000,0x00000000d5e00000,0x00000000d6200000)
 ParOldGen       total 360960K, used 360475K [0x0000000080000000, 0x0000000096080000, 0x00000000d5580000)
  object space 360960K, 99% used [0x0000000080000000,0x0000000096006fa0,0x0000000096080000)
 Metaspace       used 75098K, committed 76672K, reserved 1179648K
  class space    used 7805K, committed 8448K, reserved 1048576K
}
Event: 276.811 GC heap before
{Heap before GC invocations=826 (full 5):
 PSYoungGen      total 12800K, used 12424K [0x00000000d5580000, 0x00000000d6680000, 0x0000000100000000)
  eden space 8704K, 100% used [0x00000000d5580000,0x00000000d5e00000,0x00000000d5e00000)
  from space 4096K, 90% used [0x00000000d6280000,0x00000000d6622018,0x00000000d6680000)
  to   space 4096K, 0% used [0x00000000d5e00000,0x00000000d5e00000,0x00000000d6200000)
 ParOldGen       total 360960K, used 360475K [0x0000000080000000, 0x0000000096080000, 0x00000000d5580000)
  object space 360960K, 99% used [0x0000000080000000,0x0000000096006fa0,0x0000000096080000)
 Metaspace       used 75166K, committed 76672K, reserved 1179648K
  class space    used 7814K, committed 8448K, reserved 1048576K
}
Event: 276.819 GC heap after
{Heap after GC invocations=826 (full 5):
 PSYoungGen      total 12800K, used 4088K [0x00000000d5580000, 0x00000000d6800000, 0x0000000100000000)
  eden space 8704K, 0% used [0x00000000d5580000,0x00000000d5580000,0x00000000d5e00000)
  from space 4096K, 99% used [0x00000000d5e00000,0x00000000d61fe008,0x00000000d6200000)
  to   space 5120K, 0% used [0x00000000d6300000,0x00000000d6300000,0x00000000d6800000)
 ParOldGen       total 360960K, used 360915K [0x0000000080000000, 0x0000000096080000, 0x00000000d5580000)
  object space 360960K, 99% used [0x0000000080000000,0x0000000096074fa0,0x0000000096080000)
 Metaspace       used 75166K, committed 76672K, reserved 1179648K
  class space    used 7814K, committed 8448K, reserved 1048576K
}
Event: 276.929 GC heap before
{Heap before GC invocations=827 (full 5):
 PSYoungGen      total 12800K, used 12792K [0x00000000d5580000, 0x00000000d6800000, 0x0000000100000000)
  eden space 8704K, 100% used [0x00000000d5580000,0x00000000d5e00000,0x00000000d5e00000)
  from space 4096K, 99% used [0x00000000d5e00000,0x00000000d61fe008,0x00000000d6200000)
  to   space 5120K, 0% used [0x00000000d6300000,0x00000000d6300000,0x00000000d6800000)
 ParOldGen       total 360960K, used 360915K [0x0000000080000000, 0x0000000096080000, 0x00000000d5580000)
  object space 360960K, 99% used [0x0000000080000000,0x0000000096074fa0,0x0000000096080000)
 Metaspace       used 75186K, committed 76736K, reserved 1179648K
  class space    used 7821K, committed 8448K, reserved 1048576K
}
Event: 277.937 GC heap after
{Heap after GC invocations=827 (full 5):
 PSYoungGen      total 13312K, used 5042K [0x00000000d5580000, 0x00000000d6a80000, 0x0000000100000000)
  eden space 8192K, 0% used [0x00000000d5580000,0x00000000d5580000,0x00000000d5d80000)
  from space 5120K, 98% used [0x00000000d6300000,0x00000000d67ec808,0x00000000d6800000)
  to   space 5632K, 0% used [0x00000000d5d80000,0x00000000d5d80000,0x00000000d6300000)
 ParOldGen       total 362496K, used 362314K [0x0000000080000000, 0x0000000096200000, 0x00000000d5580000)
  object space 362496K, 99% used [0x0000000080000000,0x00000000961d2ab8,0x0000000096200000)
 Metaspace       used 75186K, committed 76736K, reserved 1179648K
  class space    used 7821K, committed 8448K, reserved 1048576K
}
Event: 278.046 GC heap before
{Heap before GC invocations=828 (full 5):
 PSYoungGen      total 13312K, used 13234K [0x00000000d5580000, 0x00000000d6a80000, 0x0000000100000000)
  eden space 8192K, 100% used [0x00000000d5580000,0x00000000d5d80000,0x00000000d5d80000)
  from space 5120K, 98% used [0x00000000d6300000,0x00000000d67ec808,0x00000000d6800000)
  to   space 5632K, 0% used [0x00000000d5d80000,0x00000000d5d80000,0x00000000d6300000)
 ParOldGen       total 362496K, used 362314K [0x0000000080000000, 0x0000000096200000, 0x00000000d5580000)
  object space 362496K, 99% used [0x0000000080000000,0x00000000961d2ab8,0x0000000096200000)
 Metaspace       used 75193K, committed 76736K, reserved 1179648K
  class space    used 7823K, committed 8448K, reserved 1048576K
}
Event: 278.052 GC heap after
{Heap after GC invocations=828 (full 5):
 PSYoungGen      total 13824K, used 2760K [0x00000000d5580000, 0x00000000d6700000, 0x0000000100000000)
  eden space 8192K, 0% used [0x00000000d5580000,0x00000000d5580000,0x00000000d5d80000)
  from space 5632K, 49% used [0x00000000d5d80000,0x00000000d60320f0,0x00000000d6300000)
  to   space 4096K, 0% used [0x00000000d6300000,0x00000000d6300000,0x00000000d6700000)
 ParOldGen       total 364544K, used 364094K [0x0000000080000000, 0x0000000096400000, 0x00000000d5580000)
  object space 364544K, 99% used [0x0000000080000000,0x000000009638fad0,0x0000000096400000)
 Metaspace       used 75193K, committed 76736K, reserved 1179648K
  class space    used 7823K, committed 8448K, reserved 1048576K
}
Event: 278.074 GC heap before
{Heap before GC invocations=829 (full 5):
 PSYoungGen      total 13824K, used 10952K [0x00000000d5580000, 0x00000000d6700000, 0x0000000100000000)
  eden space 8192K, 100% used [0x00000000d5580000,0x00000000d5d80000,0x00000000d5d80000)
  from space 5632K, 49% used [0x00000000d5d80000,0x00000000d60320f0,0x00000000d6300000)
  to   space 4096K, 0% used [0x00000000d6300000,0x00000000d6300000,0x00000000d6700000)
 ParOldGen       total 364544K, used 364094K [0x0000000080000000, 0x0000000096400000, 0x00000000d5580000)
  object space 364544K, 99% used [0x0000000080000000,0x000000009638fad0,0x0000000096400000)
 Metaspace       used 75193K, committed 76736K, reserved 1179648K
  class space    used 7823K, committed 8448K, reserved 1048576K
}
Event: 278.078 GC heap after
{Heap after GC invocations=829 (full 5):
 PSYoungGen      total 11776K, used 2000K [0x00000000d5580000, 0x00000000d6500000, 0x0000000100000000)
  eden space 9728K, 0% used [0x00000000d5580000,0x00000000d5580000,0x00000000d5f00000)
  from space 2048K, 97% used [0x00000000d6300000,0x00000000d64f4108,0x00000000d6500000)
  to   space 2560K, 0% used [0x00000000d6000000,0x00000000d6000000,0x00000000d6280000)
 ParOldGen       total 365568K, used 365534K [0x0000000080000000, 0x0000000096500000, 0x00000000d5580000)
  object space 365568K, 99% used [0x0000000080000000,0x00000000964f7af0,0x0000000096500000)
 Metaspace       used 75193K, committed 76736K, reserved 1179648K
  class space    used 7823K, committed 8448K, reserved 1048576K
}
Event: 278.131 GC heap before
{Heap before GC invocations=830 (full 5):
 PSYoungGen      total 11776K, used 11728K [0x00000000d5580000, 0x00000000d6500000, 0x0000000100000000)
  eden space 9728K, 100% used [0x00000000d5580000,0x00000000d5f00000,0x00000000d5f00000)
  from space 2048K, 97% used [0x00000000d6300000,0x00000000d64f4108,0x00000000d6500000)
  to   space 2560K, 0% used [0x00000000d6000000,0x00000000d6000000,0x00000000d6280000)
 ParOldGen       total 365568K, used 365534K [0x0000000080000000, 0x0000000096500000, 0x00000000d5580000)
  object space 365568K, 99% used [0x0000000080000000,0x00000000964f7af0,0x0000000096500000)
 Metaspace       used 75194K, committed 76736K, reserved 1179648K
  class space    used 7823K, committed 8448K, reserved 1048576K
}
Event: 278.135 GC heap after
{Heap after GC invocations=830 (full 5):
 PSYoungGen      total 12288K, used 1088K [0x00000000d5580000, 0x00000000d6380000, 0x0000000100000000)
  eden space 10752K, 0% used [0x00000000d5580000,0x00000000d5580000,0x00000000d6000000)
  from space 1536K, 70% used [0x00000000d6000000,0x00000000d6110000,0x00000000d6180000)
  to   space 1536K, 0% used [0x00000000d6200000,0x00000000d6200000,0x00000000d6380000)
 ParOldGen       total 367616K, used 367425K [0x0000000080000000, 0x0000000096700000, 0x00000000d5580000)
  object space 367616K, 99% used [0x0000000080000000,0x00000000966d07e0,0x0000000096700000)
 Metaspace       used 75194K, committed 76736K, reserved 1179648K
  class space    used 7823K, committed 8448K, reserved 1048576K
}
Event: 279.142 GC heap before
{Heap before GC invocations=831 (full 5):
 PSYoungGen      total 12288K, used 11840K [0x00000000d5580000, 0x00000000d6380000, 0x0000000100000000)
  eden space 10752K, 100% used [0x00000000d5580000,0x00000000d6000000,0x00000000d6000000)
  from space 1536K, 70% used [0x00000000d6000000,0x00000000d6110000,0x00000000d6180000)
  to   space 1536K, 0% used [0x00000000d6200000,0x00000000d6200000,0x00000000d6380000)
 ParOldGen       total 367616K, used 367485K [0x0000000080000000, 0x0000000096700000, 0x00000000d5580000)
  object space 367616K, 99% used [0x0000000080000000,0x00000000966df6b8,0x0000000096700000)
 Metaspace       used 75194K, committed 76736K, reserved 1179648K
  class space    used 7823K, committed 8448K, reserved 1048576K
}

Dll operation events (14 events):
Event: 0.117 Loaded shared library c:\Users\rodri\.vscode\extensions\redhat.java-1.47.0-win32-x64\jre\21.0.8-win32-x86_64\bin\java.dll
Event: 0.338 Loaded shared library c:\Users\rodri\.vscode\extensions\redhat.java-1.47.0-win32-x64\jre\21.0.8-win32-x86_64\bin\zip.dll
Event: 0.398 Loaded shared library C:\Users\rodri\.vscode\extensions\redhat.java-1.47.0-win32-x64\jre\21.0.8-win32-x86_64\bin\instrument.dll
Event: 0.429 Loaded shared library C:\Users\rodri\.vscode\extensions\redhat.java-1.47.0-win32-x64\jre\21.0.8-win32-x86_64\bin\net.dll
Event: 0.451 Loaded shared library C:\Users\rodri\.vscode\extensions\redhat.java-1.47.0-win32-x64\jre\21.0.8-win32-x86_64\bin\nio.dll
Event: 0.455 Loaded shared library C:\Users\rodri\.vscode\extensions\redhat.java-1.47.0-win32-x64\jre\21.0.8-win32-x86_64\bin\zip.dll
Event: 0.527 Loaded shared library C:\Users\rodri\.vscode\extensions\redhat.java-1.47.0-win32-x64\jre\21.0.8-win32-x86_64\bin\jimage.dll
Event: 0.751 Loaded shared library c:\Users\rodri\.vscode\extensions\redhat.java-1.47.0-win32-x64\jre\21.0.8-win32-x86_64\bin\verify.dll
Event: 30.533 Loaded shared library C:\Users\rodri\AppData\Roaming\Code\User\globalStorage\redhat.java\1.47.0\config_win\org.eclipse.equinox.launcher\org.eclipse.equinox.launcher.win32.win32.x86_64_1.2.1400.v20250801-0854\eclipse_11916.dll
Event: 54.216 Loaded shared library C:\Users\rodri\.vscode\extensions\redhat.java-1.47.0-win32-x64\jre\21.0.8-win32-x86_64\bin\management.dll
Event: 54.226 Loaded shared library C:\Users\rodri\.vscode\extensions\redhat.java-1.47.0-win32-x64\jre\21.0.8-win32-x86_64\bin\management_ext.dll
Event: 57.902 Loaded shared library C:\Users\rodri\AppData\Local\Temp\jna-108687934\jna3995714672262390941.dll
Event: 59.954 Loaded shared library C:\Users\rodri\.vscode\extensions\redhat.java-1.47.0-win32-x64\jre\21.0.8-win32-x86_64\bin\sunmscapi.dll
Event: 60.538 Loaded shared library C:\Users\rodri\.vscode\extensions\redhat.java-1.47.0-win32-x64\jre\21.0.8-win32-x86_64\bin\extnet.dll

Deoptimization events (20 events):
Event: 276.025 Thread 0x0000017a4d166be0 Uncommon trap: trap_request=0xffffff76 fr.pc=0x0000017a772136f0 relative=0x0000000000001a50
Event: 276.025 Thread 0x0000017a4d166be0 Uncommon trap: reason=predicate action=maybe_recompile pc=0x0000017a772136f0 method=org.eclipse.core.internal.jobs.JobManager.select(Ljava/util/List;Ljava/lang/Object;Lorg/eclipse/core/internal/jobs/InternalJob;I)V @ 8 c2
Event: 276.025 Thread 0x0000017a4d166be0 DEOPT PACKING pc=0x0000017a772136f0 sp=0x0000005b398fef80
Event: 276.025 Thread 0x0000017a4d166be0 DEOPT UNPACKING pc=0x0000017a765e3aa2 sp=0x0000005b398feef8 mode 2
Event: 276.026 Thread 0x0000017a4d166be0 Uncommon trap: trap_request=0xffffff76 fr.pc=0x0000017a7710be28 relative=0x00000000000003c8
Event: 276.026 Thread 0x0000017a4d166be0 Uncommon trap: reason=predicate action=maybe_recompile pc=0x0000017a7710be28 method=org.eclipse.core.internal.jobs.JobManager.select(Ljava/util/List;Ljava/lang/Object;Lorg/eclipse/core/internal/jobs/InternalJob;I)V @ 8 c2
Event: 276.026 Thread 0x0000017a4d166be0 DEOPT PACKING pc=0x0000017a7710be28 sp=0x0000005b398fef10
Event: 276.026 Thread 0x0000017a4d166be0 DEOPT UNPACKING pc=0x0000017a765e3aa2 sp=0x0000005b398feef0 mode 2
Event: 276.320 Thread 0x0000017a4cbd3dd0 Uncommon trap: trap_request=0xffffff45 fr.pc=0x0000017a773fea50 relative=0x00000000000006f0
Event: 276.321 Thread 0x0000017a4cbd3dd0 Uncommon trap: reason=unstable_if action=reinterpret pc=0x0000017a773fea50 method=org.eclipse.osgi.internal.framework.BundleContextImpl.setContextFinder()Ljava/lang/Object; @ 36 c2
Event: 276.321 Thread 0x0000017a4cbd3dd0 DEOPT PACKING pc=0x0000017a773fea50 sp=0x0000005b3b7fe130
Event: 276.321 Thread 0x0000017a4cbd3dd0 DEOPT UNPACKING pc=0x0000017a765e3aa2 sp=0x0000005b3b7fe058 mode 2
Event: 276.321 Thread 0x0000017a4cbd3dd0 Uncommon trap: trap_request=0xffffff45 fr.pc=0x0000017a773fddc4 relative=0x0000000000000284
Event: 276.321 Thread 0x0000017a4cbd3dd0 Uncommon trap: reason=unstable_if action=reinterpret pc=0x0000017a773fddc4 method=org.eclipse.osgi.internal.framework.BundleContextImpl.setContextFinder()Ljava/lang/Object; @ 36 c2
Event: 276.321 Thread 0x0000017a4cbd3dd0 DEOPT PACKING pc=0x0000017a773fddc4 sp=0x0000005b3b7fe090
Event: 276.322 Thread 0x0000017a4cbd3dd0 DEOPT UNPACKING pc=0x0000017a765e3aa2 sp=0x0000005b3b7fe048 mode 2
Event: 276.895 Thread 0x0000017a4d166be0 Uncommon trap: trap_request=0xffffffde fr.pc=0x0000017a76edad4c relative=0x000000000000038c
Event: 276.896 Thread 0x0000017a4d166be0 Uncommon trap: reason=class_check action=maybe_recompile pc=0x0000017a76edad4c method=java.util.Comparator.lambda$comparing$77a9974f$1(Ljava/util/function/Function;Ljava/lang/Object;Ljava/lang/Object;)I @ 7 c2
Event: 276.896 Thread 0x0000017a4d166be0 DEOPT PACKING pc=0x0000017a76edad4c sp=0x0000005b398fd8f0
Event: 276.896 Thread 0x0000017a4d166be0 DEOPT UNPACKING pc=0x0000017a765e3aa2 sp=0x0000005b398fd820 mode 2

Classes loaded (20 events):
Event: 215.670 Loading class java/util/concurrent/ArrayBlockingQueue
Event: 215.673 Loading class java/util/concurrent/ArrayBlockingQueue done
Event: 215.891 Loading class java/util/Hashtable$ValueCollection
Event: 215.894 Loading class java/util/Hashtable$ValueCollection done
Event: 215.982 Loading class java/util/concurrent/ConcurrentHashMap$KeySpliterator
Event: 215.985 Loading class java/util/concurrent/ConcurrentHashMap$KeySpliterator done
Event: 218.952 Loading class jdk/internal/module/IllegalAccessLogger
Event: 218.953 Loading class jdk/internal/module/IllegalAccessLogger done
Event: 228.448 Loading class java/io/CharArrayWriter
Event: 228.463 Loading class java/io/CharArrayWriter done
Event: 228.596 Loading class java/nio/file/attribute/PosixFileAttributes
Event: 228.599 Loading class java/nio/file/attribute/PosixFileAttributes done
Event: 275.627 Loading class java/util/concurrent/CompletableFuture$UniApply
Event: 275.639 Loading class java/util/concurrent/CompletableFuture$UniCompletion
Event: 275.645 Loading class java/util/concurrent/CompletableFuture$UniCompletion done
Event: 275.645 Loading class java/util/concurrent/CompletableFuture$UniApply done
Event: 275.654 Loading class java/util/concurrent/CompletableFuture$UniAccept
Event: 275.658 Loading class java/util/concurrent/CompletableFuture$UniAccept done
Event: 275.659 Loading class java/util/concurrent/CompletableFuture$UniExceptionally
Event: 275.662 Loading class java/util/concurrent/CompletableFuture$UniExceptionally done

Classes unloaded (20 events):
Event: 54.997 Thread 0x0000017a6bdc25f0 Unloading class 0x0000017a051b3800 'java/lang/invoke/LambdaForm$BMH+0x0000017a051b3800'
Event: 54.997 Thread 0x0000017a6bdc25f0 Unloading class 0x0000017a051b3400 'java/lang/invoke/LambdaForm$DMH+0x0000017a051b3400'
Event: 54.997 Thread 0x0000017a6bdc25f0 Unloading class 0x0000017a051b2000 'java/lang/invoke/LambdaForm$DMH+0x0000017a051b2000'
Event: 58.923 Thread 0x0000017a6bdc25f0 Unloading class 0x0000017a05309400 'java/lang/invoke/LambdaForm$MH+0x0000017a05309400'
Event: 58.923 Thread 0x0000017a6bdc25f0 Unloading class 0x0000017a05308c00 'java/lang/invoke/LambdaForm$MH+0x0000017a05308c00'
Event: 58.923 Thread 0x0000017a6bdc25f0 Unloading class 0x0000017a05308000 'java/lang/invoke/LambdaForm$MH+0x0000017a05308000'
Event: 58.923 Thread 0x0000017a6bdc25f0 Unloading class 0x0000017a05307800 'java/lang/invoke/LambdaForm$MH+0x0000017a05307800'
Event: 58.923 Thread 0x0000017a6bdc25f0 Unloading class 0x0000017a05307400 'java/lang/invoke/LambdaForm$DMH+0x0000017a05307400'
Event: 58.923 Thread 0x0000017a6bdc25f0 Unloading class 0x0000017a05306800 'java/lang/invoke/LambdaForm$MH+0x0000017a05306800'
Event: 58.923 Thread 0x0000017a6bdc25f0 Unloading class 0x0000017a05303000 'java/lang/invoke/LambdaForm$MH+0x0000017a05303000'
Event: 58.923 Thread 0x0000017a6bdc25f0 Unloading class 0x0000017a05302800 'java/lang/invoke/LambdaForm$MH+0x0000017a05302800'
Event: 58.923 Thread 0x0000017a6bdc25f0 Unloading class 0x0000017a05302400 'java/lang/invoke/LambdaForm$MH+0x0000017a05302400'
Event: 58.923 Thread 0x0000017a6bdc25f0 Unloading class 0x0000017a05301800 'java/lang/invoke/LambdaForm$MH+0x0000017a05301800'
Event: 58.923 Thread 0x0000017a6bdc25f0 Unloading class 0x0000017a05301400 'java/lang/invoke/LambdaForm$MH+0x0000017a05301400'
Event: 58.923 Thread 0x0000017a6bdc25f0 Unloading class 0x0000017a05300c00 'java/lang/invoke/LambdaForm$MH+0x0000017a05300c00'
Event: 58.923 Thread 0x0000017a6bdc25f0 Unloading class 0x0000017a05300000 'java/lang/invoke/LambdaForm$MH+0x0000017a05300000'
Event: 109.640 Thread 0x0000017a6bdc25f0 Unloading class 0x0000017a05698000 'java/lang/invoke/LambdaForm$DMH+0x0000017a05698000'
Event: 109.640 Thread 0x0000017a6bdc25f0 Unloading class 0x0000017a05691800 'java/lang/invoke/LambdaForm$DMH+0x0000017a05691800'
Event: 109.640 Thread 0x0000017a6bdc25f0 Unloading class 0x0000017a05691400 'java/lang/invoke/LambdaForm$DMH+0x0000017a05691400'
Event: 109.640 Thread 0x0000017a6bdc25f0 Unloading class 0x0000017a05691000 'java/lang/invoke/LambdaForm$DMH+0x0000017a05691000'

Classes redefined (0 events):
No events

Internal exceptions (20 events):
Event: 275.515 Thread 0x0000017a4a2c84e0 Exception <a 'java/lang/NullPointerException'{0x00000000d571d948}> (0x00000000d571d948) 
thrown [s\src\hotspot\share\interpreter\linkResolver.cpp, line 1372]
Event: 275.551 Thread 0x0000017a4a2c84e0 Exception <a 'sun/nio/fs/WindowsException'{0x00000000d573f228}> (0x00000000d573f228) 
thrown [s\src\hotspot\share\prims\jni.cpp, line 520]
Event: 275.764 Thread 0x0000017a4d167270 Exception <a 'java/io/FileNotFoundException'{0x00000000d58056a0}> (0x00000000d58056a0) 
thrown [s\src\hotspot\share\prims\jni.cpp, line 520]
Event: 275.781 Thread 0x0000017a4d167270 Exception <a 'sun/nio/fs/WindowsException'{0x00000000d5807080}> (0x00000000d5807080) 
thrown [s\src\hotspot\share\prims\jni.cpp, line 520]
Event: 275.781 Thread 0x0000017a4d167270 Exception <a 'sun/nio/fs/WindowsException'{0x00000000d58078f0}> (0x00000000d58078f0) 
thrown [s\src\hotspot\share\prims\jni.cpp, line 520]
Event: 275.788 Thread 0x0000017a4d167270 Exception <a 'sun/nio/fs/WindowsException'{0x00000000d580b5d0}> (0x00000000d580b5d0) 
thrown [s\src\hotspot\share\prims\jni.cpp, line 520]
Event: 275.788 Thread 0x0000017a4d167270 Exception <a 'sun/nio/fs/WindowsException'{0x00000000d580be48}> (0x00000000d580be48) 
thrown [s\src\hotspot\share\prims\jni.cpp, line 520]
Event: 276.055 Thread 0x0000017a4a2c84e0 Exception <a 'sun/nio/fs/WindowsException'{0x00000000d5b94920}> (0x00000000d5b94920) 
thrown [s\src\hotspot\share\prims\jni.cpp, line 520]
Event: 276.072 Thread 0x0000017a4a2c84e0 Exception <a 'sun/nio/fs/WindowsException'{0x00000000d5ba7100}> (0x00000000d5ba7100) 
thrown [s\src\hotspot\share\prims\jni.cpp, line 520]
Event: 276.605 Thread 0x0000017a4d166be0 Exception <a 'sun/nio/fs/WindowsException'{0x00000000d5b9e9a8}> (0x00000000d5b9e9a8) 
thrown [s\src\hotspot\share\prims\jni.cpp, line 520]
Event: 276.605 Thread 0x0000017a4d166be0 Exception <a 'sun/nio/fs/WindowsException'{0x00000000d5b9efd8}> (0x00000000d5b9efd8) 
thrown [s\src\hotspot\share\prims\jni.cpp, line 520]
Event: 276.611 Thread 0x0000017a4d166be0 Exception <a 'sun/nio/fs/WindowsException'{0x00000000d5bf2d10}> (0x00000000d5bf2d10) 
thrown [s\src\hotspot\share\prims\jni.cpp, line 520]
Event: 276.611 Thread 0x0000017a4d166be0 Exception <a 'sun/nio/fs/WindowsException'{0x00000000d5bf3340}> (0x00000000d5bf3340) 
thrown [s\src\hotspot\share\prims\jni.cpp, line 520]
Event: 276.664 Thread 0x0000017a4d166be0 Exception <a 'java/io/FileNotFoundException'{0x00000000d5de8ff8}> (0x00000000d5de8ff8) 
thrown [s\src\hotspot\share\prims\jni.cpp, line 520]
Event: 276.683 Thread 0x0000017a4d166be0 Exception <a 'java/io/FileNotFoundException'{0x00000000d55a87c8}> (0x00000000d55a87c8) 
thrown [s\src\hotspot\share\prims\jni.cpp, line 520]
Event: 276.755 Thread 0x0000017a4d166be0 Exception <a 'sun/nio/fs/WindowsException'{0x00000000d5af2ac0}> (0x00000000d5af2ac0) 
thrown [s\src\hotspot\share\prims\jni.cpp, line 520]
Event: 276.756 Thread 0x0000017a4d166be0 Exception <a 'sun/nio/fs/WindowsException'{0x00000000d5af30f0}> (0x00000000d5af30f0) 
thrown [s\src\hotspot\share\prims\jni.cpp, line 520]
Event: 277.954 Thread 0x0000017a4d166be0 Exception <a 'sun/nio/fs/WindowsException'{0x00000000d55f6958}> (0x00000000d55f6958) 
thrown [s\src\hotspot\share\prims\jni.cpp, line 520]
Event: 277.955 Thread 0x0000017a4d166be0 Exception <a 'sun/nio/fs/WindowsException'{0x00000000d55f6f88}> (0x00000000d55f6f88) 
thrown [s\src\hotspot\share\prims\jni.cpp, line 520]
Event: 278.008 Thread 0x0000017a4a2c84e0 Exception <a 'sun/nio/fs/WindowsException'{0x00000000d55d3220}> (0x00000000d55d3220) 
thrown [s\src\hotspot\share\prims\jni.cpp, line 520]

ZGC Phase Switch (0 events):
No events

VM Operations (20 events):
Event: 276.337 Executing VM operation: ParallelGCFailedAllocation (Allocation Failure) done
Event: 276.464 Executing VM operation: ParallelGCFailedAllocation (Allocation Failure)
Event: 276.471 Executing VM operation: ParallelGCFailedAllocation (Allocation Failure) done
Event: 276.545 Executing VM operation: ParallelGCFailedAllocation (Allocation Failure)
Event: 276.550 Executing VM operation: ParallelGCFailedAllocation (Allocation Failure) done
Event: 276.664 Executing VM operation: ParallelGCFailedAllocation (Allocation Failure)
Event: 276.671 Executing VM operation: ParallelGCFailedAllocation (Allocation Failure) done
Event: 276.811 Executing VM operation: ParallelGCFailedAllocation (Allocation Failure)
Event: 276.819 Executing VM operation: ParallelGCFailedAllocation (Allocation Failure) done
Event: 276.928 Executing VM operation: ParallelGCFailedAllocation (Allocation Failure)
Event: 277.937 Executing VM operation: ParallelGCFailedAllocation (Allocation Failure) done
Event: 278.046 Executing VM operation: ParallelGCFailedAllocation (Allocation Failure)
Event: 278.052 Executing VM operation: ParallelGCFailedAllocation (Allocation Failure) done
Event: 278.074 Executing VM operation: ParallelGCFailedAllocation (Allocation Failure)
Event: 278.078 Executing VM operation: ParallelGCFailedAllocation (Allocation Failure) done
Event: 278.131 Executing VM operation: ParallelGCFailedAllocation (Allocation Failure)
Event: 278.135 Executing VM operation: ParallelGCFailedAllocation (Allocation Failure) done
Event: 278.159 Executing VM operation: ParallelGCFailedAllocation (Allocation Failure)
Event: 278.160 Executing VM operation: ParallelGCFailedAllocation (Allocation Failure) done
Event: 279.142 Executing VM operation: ParallelGCSystemGC (GCLocker Initiated GC)

Memory protections (0 events):
No events

Nmethod flushes (20 events):
Event: 257.485 Thread 0x0000017a6bdc25f0 flushing  nmethod 0x0000017a71463f10
Event: 257.485 Thread 0x0000017a6bdc25f0 flushing  nmethod 0x0000017a7146e410
Event: 257.485 Thread 0x0000017a6bdc25f0 flushing  nmethod 0x0000017a7146ec10
Event: 257.485 Thread 0x0000017a6bdc25f0 flushing  nmethod 0x0000017a71472310
Event: 257.485 Thread 0x0000017a6bdc25f0 flushing  nmethod 0x0000017a714a9810
Event: 257.486 Thread 0x0000017a6bdc25f0 flushing  nmethod 0x0000017a714fb790
Event: 257.486 Thread 0x0000017a6bdc25f0 flushing osr nmethod 0x0000017a714fe010
Event: 257.486 Thread 0x0000017a6bdc25f0 flushing  nmethod 0x0000017a71505e90
Event: 257.486 Thread 0x0000017a6bdc25f0 flushing  nmethod 0x0000017a71506610
Event: 257.486 Thread 0x0000017a6bdc25f0 flushing  nmethod 0x0000017a71506c90
Event: 257.486 Thread 0x0000017a6bdc25f0 flushing  nmethod 0x0000017a71508710
Event: 257.486 Thread 0x0000017a6bdc25f0 flushing  nmethod 0x0000017a71527290
Event: 257.486 Thread 0x0000017a6bdc25f0 flushing  nmethod 0x0000017a71527910
Event: 257.486 Thread 0x0000017a6bdc25f0 flushing  nmethod 0x0000017a71527c90
Event: 257.487 Thread 0x0000017a6bdc25f0 flushing  nmethod 0x0000017a71529d90
Event: 257.487 Thread 0x0000017a6bdc25f0 flushing osr nmethod 0x0000017a7154b490
Event: 257.487 Thread 0x0000017a6bdc25f0 flushing osr nmethod 0x0000017a71553710
Event: 257.487 Thread 0x0000017a6bdc25f0 flushing  nmethod 0x0000017a7156a290
Event: 257.487 Thread 0x0000017a6bdc25f0 flushing  nmethod 0x0000017a71580490
Event: 257.487 Thread 0x0000017a6bdc25f0 flushing  nmethod 0x0000017a71627410

Events (20 events):
Event: 222.780 Thread 0x0000017a4cbd5810 Thread exited: 0x0000017a4cbd5810
Event: 222.780 Thread 0x0000017a4cbd5ea0 Thread exited: 0x0000017a4cbd5ea0
Event: 222.783 Thread 0x0000017a4cbd3dd0 Thread exited: 0x0000017a4cbd3dd0
Event: 222.783 Thread 0x0000017a4cbd4af0 Thread exited: 0x0000017a4cbd4af0
Event: 222.783 Thread 0x0000017a4dde9a50 Thread exited: 0x0000017a4dde9a50
Event: 227.239 Thread 0x0000017a6bdf2120 Thread added: 0x0000017a4a069aa0
Event: 229.544 Thread 0x0000017a4a069aa0 Thread exited: 0x0000017a4a069aa0
Event: 233.981 Thread 0x0000017a4d16baa0 Thread added: 0x0000017a4cbd3dd0
Event: 234.005 Thread 0x0000017a4d16baa0 Thread added: 0x0000017a4cbd4af0
Event: 234.005 Thread 0x0000017a4d16baa0 Thread added: 0x0000017a4cbd5810
Event: 234.020 Thread 0x0000017a4d16baa0 Thread added: 0x0000017a4cbd5ea0
Event: 234.022 Thread 0x0000017a4d16baa0 Thread added: 0x0000017a4b0c3690
Event: 241.932 Thread 0x0000017a4cbd5810 Thread exited: 0x0000017a4cbd5810
Event: 241.932 Thread 0x0000017a4b0c3690 Thread exited: 0x0000017a4b0c3690
Event: 241.932 Thread 0x0000017a4cbd4af0 Thread exited: 0x0000017a4cbd4af0
Event: 241.932 Thread 0x0000017a4cbd3dd0 Thread exited: 0x0000017a4cbd3dd0
Event: 241.933 Thread 0x0000017a4cbd5ea0 Thread exited: 0x0000017a4cbd5ea0
Event: 265.278 Thread 0x0000017a4d16b410 Thread exited: 0x0000017a4d16b410
Event: 275.652 Thread 0x0000017a4d167270 Thread added: 0x0000017a4cbd3dd0
Event: 276.029 Thread 0x0000017a4a2c9f20 Thread added: 0x0000017a4cbd0950


Dynamic libraries:
0x00007ff7ff3f0000 - 0x00007ff7ff3fe000 	c:\Users\rodri\.vscode\extensions\redhat.java-1.47.0-win32-x64\jre\21.0.8-win32-x86_64\bin\java.exe
0x00007ff995740000 - 0x00007ff9959a8000 	C:\WINDOWS\SYSTEM32\ntdll.dll
0x00007ff994c20000 - 0x00007ff994ce9000 	C:\WINDOWS\System32\KERNEL32.DLL
0x00007ff9928d0000 - 0x00007ff992cc2000 	C:\WINDOWS\System32\KERNELBASE.dll
0x00007ff993110000 - 0x00007ff99325b000 	C:\WINDOWS\System32\ucrtbase.dll
0x00007ff986780000 - 0x00007ff98679e000 	c:\Users\rodri\.vscode\extensions\redhat.java-1.47.0-win32-x64\jre\21.0.8-win32-x86_64\bin\VCRUNTIME140.dll
0x00007ff98dd90000 - 0x00007ff98dda8000 	c:\Users\rodri\.vscode\extensions\redhat.java-1.47.0-win32-x64\jre\21.0.8-win32-x86_64\bin\jli.dll
0x00007ff994950000 - 0x00007ff994b15000 	C:\WINDOWS\System32\USER32.dll
0x00007ff9930e0000 - 0x00007ff993107000 	C:\WINDOWS\System32\win32u.dll
0x00007ff97c380000 - 0x00007ff97c613000 	C:\WINDOWS\WinSxS\amd64_microsoft.windows.common-controls_6595b64144ccf1df_6.0.26100.6899_none_3e0efeeae32e88c1\COMCTL32.dll
0x00007ff995060000 - 0x00007ff995109000 	C:\WINDOWS\System32\msvcrt.dll
0x00007ff995300000 - 0x00007ff99532b000 	C:\WINDOWS\System32\GDI32.dll
0x00007ff9933e0000 - 0x00007ff99350d000 	C:\WINDOWS\System32\gdi32full.dll
0x00007ff992d70000 - 0x00007ff992e13000 	C:\WINDOWS\System32\msvcp_win.dll
0x00007ff993a50000 - 0x00007ff993a7f000 	C:\WINDOWS\System32\IMM32.DLL
0x00007ff98dd80000 - 0x00007ff98dd8c000 	c:\Users\rodri\.vscode\extensions\redhat.java-1.47.0-win32-x64\jre\21.0.8-win32-x86_64\bin\vcruntime140_1.dll
0x00007ff9679b0000 - 0x00007ff967a3d000 	c:\Users\rodri\.vscode\extensions\redhat.java-1.47.0-win32-x64\jre\21.0.8-win32-x86_64\bin\msvcp140.dll
0x00007ff922e70000 - 0x00007ff923c07000 	c:\Users\rodri\.vscode\extensions\redhat.java-1.47.0-win32-x64\jre\21.0.8-win32-x86_64\bin\server\jvm.dll
0x00007ff994790000 - 0x00007ff994844000 	C:\WINDOWS\System32\ADVAPI32.dll
0x00007ff995250000 - 0x00007ff9952f6000 	C:\WINDOWS\System32\sechost.dll
0x00007ff9941e0000 - 0x00007ff9942f8000 	C:\WINDOWS\System32\RPCRT4.dll
0x00007ff995110000 - 0x00007ff995184000 	C:\WINDOWS\System32\WS2_32.dll
0x00007ff992730000 - 0x00007ff99278e000 	C:\WINDOWS\SYSTEM32\POWRPROF.dll
0x00007ff98a840000 - 0x00007ff98a84b000 	C:\WINDOWS\SYSTEM32\VERSION.dll
0x00007ff98a800000 - 0x00007ff98a835000 	C:\WINDOWS\SYSTEM32\WINMM.dll
0x00007ff992710000 - 0x00007ff992724000 	C:\WINDOWS\SYSTEM32\UMPDC.dll
0x00007ff991600000 - 0x00007ff99161b000 	C:\WINDOWS\SYSTEM32\kernel.appcore.dll
0x00007ff986770000 - 0x00007ff98677a000 	c:\Users\rodri\.vscode\extensions\redhat.java-1.47.0-win32-x64\jre\21.0.8-win32-x86_64\bin\jimage.dll
0x00007ff9646e0000 - 0x00007ff964922000 	C:\WINDOWS\SYSTEM32\DBGHELP.DLL
0x00007ff993570000 - 0x00007ff9938eb000 	C:\WINDOWS\System32\combase.dll
0x00007ff9953f0000 - 0x00007ff9954c7000 	C:\WINDOWS\System32\OLEAUT32.dll
0x00007ff9839f0000 - 0x00007ff983a2c000 	C:\WINDOWS\SYSTEM32\dbgcore.DLL
0x00007ff992cd0000 - 0x00007ff992d68000 	C:\WINDOWS\System32\bcryptPrimitives.dll
0x00007ff986680000 - 0x00007ff98668f000 	c:\Users\rodri\.vscode\extensions\redhat.java-1.47.0-win32-x64\jre\21.0.8-win32-x86_64\bin\instrument.dll
0x00007ff975a00000 - 0x00007ff975a1f000 	c:\Users\rodri\.vscode\extensions\redhat.java-1.47.0-win32-x64\jre\21.0.8-win32-x86_64\bin\java.dll
0x00007ff993a90000 - 0x00007ff9941dd000 	C:\WINDOWS\System32\SHELL32.dll
0x00007ff992e20000 - 0x00007ff992f8b000 	C:\WINDOWS\System32\wintypes.dll
0x00007ff990510000 - 0x00007ff990d6d000 	C:\WINDOWS\SYSTEM32\windows.storage.dll
0x00007ff994f00000 - 0x00007ff994ff2000 	C:\WINDOWS\System32\SHCORE.dll
0x00007ff9951e0000 - 0x00007ff995242000 	C:\WINDOWS\System32\shlwapi.dll
0x00007ff9927f0000 - 0x00007ff992819000 	C:\WINDOWS\SYSTEM32\profapi.dll
0x00007ff984670000 - 0x00007ff984688000 	c:\Users\rodri\.vscode\extensions\redhat.java-1.47.0-win32-x64\jre\21.0.8-win32-x86_64\bin\zip.dll
0x00007ff984660000 - 0x00007ff984670000 	C:\Users\rodri\.vscode\extensions\redhat.java-1.47.0-win32-x64\jre\21.0.8-win32-x86_64\bin\net.dll
0x00007ff98a6d0000 - 0x00007ff98a7ef000 	C:\WINDOWS\SYSTEM32\WINHTTP.dll
0x00007ff991c10000 - 0x00007ff991c7b000 	C:\WINDOWS\system32\mswsock.dll
0x00007ff9840f0000 - 0x00007ff984106000 	C:\Users\rodri\.vscode\extensions\redhat.java-1.47.0-win32-x64\jre\21.0.8-win32-x86_64\bin\nio.dll
0x00007ff9840e0000 - 0x00007ff9840f0000 	c:\Users\rodri\.vscode\extensions\redhat.java-1.47.0-win32-x64\jre\21.0.8-win32-x86_64\bin\verify.dll
0x00007ff96f520000 - 0x00007ff96f564000 	C:\Users\rodri\AppData\Roaming\Code\User\globalStorage\redhat.java\1.47.0\config_win\org.eclipse.equinox.launcher\org.eclipse.equinox.launcher.win32.win32.x86_64_1.2.1400.v20250801-0854\eclipse_11916.dll
0x00007ff9954d0000 - 0x00007ff995668000 	C:\WINDOWS\System32\ole32.dll
0x00007ff977390000 - 0x00007ff97739a000 	C:\Users\rodri\.vscode\extensions\redhat.java-1.47.0-win32-x64\jre\21.0.8-win32-x86_64\bin\management.dll
0x00007ff974f10000 - 0x00007ff974f1b000 	C:\Users\rodri\.vscode\extensions\redhat.java-1.47.0-win32-x64\jre\21.0.8-win32-x86_64\bin\management_ext.dll
0x00007ff995190000 - 0x00007ff995198000 	C:\WINDOWS\System32\PSAPI.DLL
0x00007ff991ed0000 - 0x00007ff991eeb000 	C:\WINDOWS\SYSTEM32\CRYPTSP.dll
0x00007ff991620000 - 0x00007ff99165b000 	C:\WINDOWS\system32\rsaenh.dll
0x00007ff991cb0000 - 0x00007ff991cdb000 	C:\WINDOWS\SYSTEM32\USERENV.dll
0x00007ff9927c0000 - 0x00007ff9927e6000 	C:\WINDOWS\SYSTEM32\bcrypt.dll
0x00007ff991ec0000 - 0x00007ff991ecc000 	C:\WINDOWS\SYSTEM32\CRYPTBASE.dll
0x00007ff991080000 - 0x00007ff9910b4000 	C:\WINDOWS\SYSTEM32\IPHLPAPI.DLL
0x00007ff995050000 - 0x00007ff99505a000 	C:\WINDOWS\System32\NSI.dll
0x00007ff97af00000 - 0x00007ff97af49000 	C:\Users\rodri\AppData\Local\Temp\jna-108687934\jna3995714672262390941.dll
0x00007ff9886e0000 - 0x00007ff9886fe000 	C:\WINDOWS\SYSTEM32\dhcpcsvc6.DLL
0x00007ff9886b0000 - 0x00007ff9886d3000 	C:\WINDOWS\SYSTEM32\dhcpcsvc.DLL
0x00007ff97aef0000 - 0x00007ff97aefe000 	C:\Users\rodri\.vscode\extensions\redhat.java-1.47.0-win32-x64\jre\21.0.8-win32-x86_64\bin\sunmscapi.dll
0x00007ff993260000 - 0x00007ff9933d7000 	C:\WINDOWS\System32\CRYPT32.dll
0x00007ff9920e0000 - 0x00007ff992110000 	C:\WINDOWS\SYSTEM32\ncrypt.dll
0x00007ff992090000 - 0x00007ff9920cf000 	C:\WINDOWS\SYSTEM32\NTASN1.dll
0x00007ff9910c0000 - 0x00007ff9911e6000 	C:\WINDOWS\SYSTEM32\DNSAPI.dll
0x00007ff98bd40000 - 0x00007ff98bd4b000 	C:\Windows\System32\rasadhlp.dll
0x00007ff987aa0000 - 0x00007ff987b26000 	C:\WINDOWS\System32\fwpuclnt.dll
0x00007ff97aee0000 - 0x00007ff97aee9000 	C:\Users\rodri\.vscode\extensions\redhat.java-1.47.0-win32-x64\jre\21.0.8-win32-x86_64\bin\extnet.dll
0x00007ff9917c0000 - 0x00007ff9917f6000 	C:\WINDOWS\SYSTEM32\ntmarta.dll

JVMTI agents:
c:\Users\rodri\.vscode\extensions\redhat.java-1.47.0-win32-x64\lombok\lombok-1.18.39-4050.jar path:c:\Users\rodri\.vscode\extensions\redhat.java-1.47.0-win32-x64\jre\21.0.8-win32-x86_64\bin\instrument.dll, loaded, initialized, instrumentlib options:none

dbghelp: loaded successfully - version: 4.0.5 - missing functions: none
symbol engine: initialized successfully - sym options: 0x614 - pdb path: .;c:\Users\rodri\.vscode\extensions\redhat.java-1.47.0-win32-x64\jre\21.0.8-win32-x86_64\bin;C:\WINDOWS\SYSTEM32;C:\WINDOWS\WinSxS\amd64_microsoft.windows.common-controls_6595b64144ccf1df_6.0.26100.6899_none_3e0efeeae32e88c1;c:\Users\rodri\.vscode\extensions\redhat.java-1.47.0-win32-x64\jre\21.0.8-win32-x86_64\bin\server;C:\Users\rodri\AppData\Roaming\Code\User\globalStorage\redhat.java\1.47.0\config_win\org.eclipse.equinox.launcher\org.eclipse.equinox.launcher.win32.win32.x86_64_1.2.1400.v20250801-0854;C:\Users\rodri\AppData\Local\Temp\jna-108687934

VM Arguments:
jvm_args: --add-modules=ALL-SYSTEM --add-opens=java.base/java.util=ALL-UNNAMED --add-opens=java.base/java.lang=ALL-UNNAMED --add-opens=java.base/sun.nio.fs=ALL-UNNAMED -Declipse.application=org.eclipse.jdt.ls.core.id1 -Dosgi.bundles.defaultStartLevel=4 -Declipse.product=org.eclipse.jdt.ls.core.product -Djava.import.generatesMetadataFilesAtProjectRoot=false -DDetectVMInstallationsJob.disabled=true -Dfile.encoding=utf8 -XX:+UseParallelGC -XX:GCTimeRatio=4 -XX:AdaptiveSizePolicyWeight=90 -Dsun.zip.disableMemoryMapping=true -Xmx2G -Xms100m -Xlog:disable -javaagent:c:\Users\rodri\.vscode\extensions\redhat.java-1.47.0-win32-x64\lombok\lombok-1.18.39-4050.jar -XX:+HeapDumpOnOutOfMemoryError -XX:HeapDumpPath=c:\Users\rodri\AppData\Roaming\Code\User\workspaceStorage\34dbc99059ed1f6e0da57d727d1e5a64\redhat.java -Daether.dependencyCollector.impl=bf 
java_command: c:\Users\rodri\.vscode\extensions\redhat.java-1.47.0-win32-x64\server\plugins\org.eclipse.equinox.launcher_1.7.100.v20251014-1222.jar -configuration c:\Users\rodri\AppData\Roaming\Code\User\globalStorage\redhat.java\1.47.0\config_win -data c:\Users\rodri\AppData\Roaming\Code\User\workspaceStorage\34dbc99059ed1f6e0da57d727d1e5a64\redhat.java\jdt_ws --pipe=\\.\pipe\lsp-54618c17ed33923911b2fe6f1becc562-sock
java_class_path (initial): c:\Users\rodri\.vscode\extensions\redhat.java-1.47.0-win32-x64\server\plugins\org.eclipse.equinox.launcher_1.7.100.v20251014-1222.jar
Launcher Type: SUN_STANDARD

[Global flags]
    uintx AdaptiveSizePolicyWeight                 = 90                                        {product} {command line}
     intx CICompilerCount                          = 4                                         {product} {ergonomic}
    uintx GCTimeRatio                              = 4                                         {product} {command line}
     bool HeapDumpOnOutOfMemoryError               = true                                   {manageable} {command line}
    ccstr HeapDumpPath                             = c:\Users\rodri\AppData\Roaming\Code\User\workspaceStorage\34dbc99059ed1f6e0da57d727d1e5a64\redhat.java         {manageable} {command line}
   size_t InitialHeapSize                          = 104857600                                 {product} {command line}
   size_t MaxHeapSize                              = 2147483648                                {product} {command line}
   size_t MaxNewSize                               = 715653120                                 {product} {ergonomic}
   size_t MinHeapDeltaBytes                        = 524288                                    {product} {ergonomic}
   size_t MinHeapSize                              = 104857600                                 {product} {command line}
   size_t NewSize                                  = 34603008                                  {product} {ergonomic}
    uintx NonNMethodCodeHeapSize                   = 5839372                                {pd product} {ergonomic}
    uintx NonProfiledCodeHeapSize                  = 122909434                              {pd product} {ergonomic}
   size_t OldSize                                  = 70254592                                  {product} {ergonomic}
    uintx ProfiledCodeHeapSize                     = 122909434                              {pd product} {ergonomic}
    uintx ReservedCodeCacheSize                    = 251658240                              {pd product} {ergonomic}
     bool SegmentedCodeCache                       = true                                      {product} {ergonomic}
   size_t SoftMaxHeapSize                          = 2147483648                             {manageable} {ergonomic}
     bool UseCompressedOops                        = true                           {product lp64_product} {ergonomic}
     bool UseLargePagesIndividualAllocation        = false                                  {pd product} {ergonomic}
     bool UseParallelGC                            = true                                      {product} {command line}

Logging:
Log output configuration:
 #0: stdout all=off uptime,level,tags foldmultilines=false
 #1: stderr all=off uptime,level,tags foldmultilines=false

Environment Variables:
PATH=C:\Program Files\Common Files\Oracle\Java\javapath;C:\WINDOWS\system32;C:\WINDOWS;C:\WINDOWS\System32\Wbem;C:\WINDOWS\System32\WindowsPowerShell\v1.0\;C:\WINDOWS\System32\OpenSSH\;C:\Program Files\Git\cmd;C:\Program Files\nodejs\;C:\Program Files\MATLAB\R2024b\bin;C:\mingw64\mingw64\bin;;C:\Program Files\Docker\Docker\resources\bin;C:\Users\rodri\AppData\Local\Programs\Python\Python313\Scripts\;C:\Users\rodri\AppData\Local\Programs\Python\Python313\;C:\Users\rodri\AppData\Local\Programs\Python\Launcher\;C:\Users\rodri\AppData\Local\Microsoft\WindowsApps;C:\Users\rodri\AppData\Local\Programs\Microsoft VS Code\bin;C:\Users\rodri\AppData\Roaming\npm;C:\Users\rodri\AppData\Local\GitHubDesktop\bin;C:\ProgramData\rodri\GitHubDesktop\bin;C:\mingw64\mingw64\bin;
USERNAME=rodri
OS=Windows_NT
PROCESSOR_IDENTIFIER=AMD64 Family 23 Model 104 Stepping 1, AuthenticAMD
TMP=C:\Users\rodri\AppData\Local\Temp
TEMP=C:\Users\rodri\AppData\Local\Temp




Periodic native trim disabled

---------------  S Y S T E M  ---------------

OS:
 Windows 11 , 64 bit Build 26100 (10.0.26100.6725)
OS uptime: 0 days 0:22 hours
Hyper-V role detected

CPU: total 8 (initial active 8) (8 cores per cpu, 2 threads per core) family 23 model 104 stepping 1 microcode 0x8608102, cx8, cmov, fxsr, ht, mmx, 3dnowpref, sse, sse2, sse3, ssse3, sse4a, sse4.1, sse4.2, popcnt, lzcnt, tsc, tscinvbit, avx, avx2, aes, clmul, bmi1, bmi2, adx, sha, fma, vzeroupper, clflush, clflushopt, hv, rdtscp, rdpid, f16c
Processor Information for the first 8 processors :
  Max Mhz: 2600, Current Mhz: 2600, Mhz Limit: 2600

Memory: 4k page, system-wide physical 3434M (65M free)
TotalPageFile size 14186M (AvailPageFile size 6M)
current process WorkingSet (physical memory assigned to process): 281M, peak: 430M
current process commit charge ("private bytes"): 698M, peak: 1703M

vm_info: OpenJDK 64-Bit Server VM (21.0.8+9-LTS) for windows-amd64 JRE (21.0.8+9-LTS), built on 2025-07-15T00:00:00Z by "admin" with MS VC++ 17.7 (VS2022)

END.
